sample.interval=20000
"lazyLoadDBfetch" "find.package" "library" 
"importIntoEnv" "namespaceImportFrom" "namespaceImport" "loadNamespace" "asNamespace" "namespaceImportFrom" "loadNamespace" "doTryCatch" "tryCatchOne" "tryCatchList" "tryCatch" "library" 
"lazyLoadDBfetch" "@<-" ".recacheSubclasses" ".cacheClass" "methods::cacheMetaData" "loadNamespace" "asNamespace" "namespaceImportFrom" "loadNamespace" "doTryCatch" "tryCatchOne" "tryCatchList" "tryCatch" "library" 
"parent.env<-" "<Anonymous>" "lazyLoadDBfetch" "<Anonymous>" "lazyLoadDBfetch" "<Anonymous>" "lazyLoadDBfetch" ".updateMethodsInTable" "methods::cacheMetaData" "loadNamespace" "asNamespace" "namespaceImportFrom" "loadNamespace" "doTryCatch" "tryCatchOne" "tryCatchList" "tryCatch" "library" 
"lazyLoadDBfetch" "<Anonymous>" "lazyLoadDBfetch" "<Anonymous>" "lazyLoadDBfetch" "<Anonymous>" "lazyLoadDBfetch" ".updateMethodsInTable" "methods::cacheMetaData" "loadNamespace" "asNamespace" "namespaceImportFrom" "loadNamespace" "doTryCatch" "tryCatchOne" "tryCatchList" "tryCatch" "library" 
".cacheGenericTable" ".cacheGeneric" "getGeneric" ".recMembers" "Recall" ".recMembers" "getGroupMembers" ".checkGroupSigLength" "Recall" ".checkGroupSigLength" ".updateMethodsInTable" ".updateMethodsInTable" "methods::cacheMetaData" "loadNamespace" "asNamespace" "namespaceImportFrom" "loadNamespace" "doTryCatch" "tryCatchOne" "tryCatchList" "tryCatch" "library" 
".identC" "methods::is" "registerS3methods" "loadNamespace" "asNamespace" "namespaceImportFrom" "loadNamespace" "doTryCatch" "tryCatchOne" "tryCatchList" "tryCatch" "library" 
"unlist" "importIntoEnv" "namespaceImportFrom" "loadNamespace" "doTryCatch" "tryCatchOne" "tryCatchList" "tryCatch" "library" 
"lazyLoadDBfetch" "get" "registerS3methods" "loadNamespace" "asNamespace" "namespaceImportFrom" "loadNamespace" "namespaceImport" "loadNamespace" "asNamespace" "namespaceImportFrom" "loadNamespace" "doTryCatch" "tryCatchOne" "tryCatchList" "tryCatch" "library" 
"getNamespaceInfo" "importIntoEnv" "namespaceImportFrom" "namespaceImport" "loadNamespace" "asNamespace" "namespaceImportFrom" "loadNamespace" "doTryCatch" "tryCatchOne" "tryCatchList" "tryCatch" "library" 
".registerS3method" "registerS3methods" "loadNamespace" "namespaceImport" "loadNamespace" "asNamespace" "namespaceImportFrom" "loadNamespace" "doTryCatch" "tryCatchOne" "tryCatchList" "tryCatch" "library" 
"fun" "lazyLoadDBexec" "lazyLoad" "loadNamespace" "doTryCatch" "tryCatchOne" "tryCatchList" "tryCatch" "library" 
"c" ".POSIXct" "Sys.time" "srcfilecopy" "parse" "eval" "doTryCatch" "tryCatchOne" "tryCatchList" "tryCatch" "f" "%N%" "stri_c" "str_c" "strwrap" "make_pretty" ".makeMessage" "packageStartupMessage" "fun" "doTryCatch" "tryCatchOne" "tryCatchList" "tryCatch" "runHook" "attachNamespace" "doTryCatch" "tryCatchOne" "tryCatchList" "tryCatch" "library" 
"lazyLoadDBfetch" "mainMenu" "resume.default" "resume" "<Anonymous>" 
"unique" "find.package" "file.path" "swirl_courses_dir" "courseDir.default" "courseDir" "file.path" "dir" "FUN" "lapply" "sapply" "unlist" "mainMenu.default" "mainMenu" "resume.default" "resume" "<Anonymous>" 
"lazyLoadDBfetch" "read.csv" "eval" "eval" "withVisible" "source" "<Anonymous>" "loadLesson.default" "loadLesson" "mainMenu.default" "mainMenu" "resume.default" "resume" "<Anonymous>" 
"scan" "read.table" "read.csv" "eval" "eval" "withVisible" "source" "<Anonymous>" "loadLesson.default" "loadLesson" "mainMenu.default" "mainMenu" "resume.default" "resume" "<Anonymous>" 
".External2" "type.convert.default" "type.convert" "read.table" "read.csv" "eval" "eval" "withVisible" "source" "<Anonymous>" "loadLesson.default" "loadLesson" "mainMenu.default" "mainMenu" "resume.default" "resume" "<Anonymous>" 
"length" "NROW" "[<-.data.frame" "[<-" "FUN" "lapply" "parse_content.yaml" "parse_content" "loadLesson.default" "loadLesson" "mainMenu.default" "mainMenu" "resume.default" "resume" "<Anonymous>" 
"structure" "as.data.frame.logical" "as.data.frame" "data.frame" "FUN" "lapply" "parse_content.yaml" "parse_content" "loadLesson.default" "loadLesson" "mainMenu.default" "mainMenu" "resume.default" "resume" "<Anonymous>" 
"structure" "as.data.frame.logical" "as.data.frame" "data.frame" "FUN" "lapply" "parse_content.yaml" "parse_content" "loadLesson.default" "loadLesson" "mainMenu.default" "mainMenu" "resume.default" "resume" "<Anonymous>" 
"match.names" "rbind" "rbind" "parse_content.yaml" "parse_content" "loadLesson.default" "loadLesson" "mainMenu.default" "mainMenu" "resume.default" "resume" "<Anonymous>" 
"[[" "[.data.frame" "[" "resume.default" "resume" "<Anonymous>" 
"cleanEnv" "safeEval" "mergeLists" "resume.default" "resume" "<Anonymous>" 
"as.character" "structure" "grep" "isTRUE" "isS3" "rmatch_calls" "is_robust_match" "doTryCatch" "tryCatchOne" "tryCatchList" "tryCatch" "try" "omnitest" "eval" "eval" "testMe" "FUN" "lapply" "testResponse.default" "<Anonymous>" "resume.default" "resume" "<Anonymous>" 
"do.call" "findExpr" "uses_func" "resume.default" "resume" "<Anonymous>" 
"saveRDS" "withCallingHandlers" "suppressWarnings" "withCallingHandlers" "suppressMessages" "saveProgress.default" "saveProgress" "resume.default" "resume" "<Anonymous>" 
"%in%" "<Anonymous>" "resume.default" "resume" "<Anonymous>" 
"saveRDS" "withCallingHandlers" "suppressWarnings" "withCallingHandlers" "suppressMessages" "saveProgress.default" "saveProgress" "resume.default" "resume" "<Anonymous>" 
"ls" "apropos" "normalCompletions" ".completeToken" 
"FUN" "lapply" ".S3methods" "methods" "doTryCatch" "tryCatchOne" "tryCatchList" "doTryCatch" "tryCatchOne" "tryCatchList" "tryCatch" "functionArgs" ".completeToken" 
"sub" ".rmpkg" "data.frame" ".S3methods" "methods" "doTryCatch" "tryCatchOne" "tryCatchList" "doTryCatch" "tryCatchOne" "tryCatchList" "tryCatch" "functionArgs" ".completeToken" 
"grep" "ls" "apropos" "normalCompletions" ".completeToken" 
"parse" "eval" "doTryCatch" "tryCatchOne" "tryCatchList" "tryCatch" "f" "%N%" "praise" "testResponse.default" "<Anonymous>" "resume.default" "resume" "<Anonymous>" 
"ls" "apropos" "normalCompletions" ".completeToken" 
"ls" "apropos" "normalCompletions" ".completeToken" 
"ls" "apropos" "normalCompletions" ".completeToken" 
"%in%" "apropos" "normalCompletions" ".completeToken" 
"ls" "apropos" "normalCompletions" ".completeToken" 
"FUN" "lapply" ".S3methods" "methods" "doTryCatch" "tryCatchOne" "tryCatchList" "doTryCatch" "tryCatchOne" "tryCatchList" "tryCatch" "functionArgs" ".completeToken" 
"ls" "%in%" "find" "getAnywhere" "<Anonymous>" "do.call" "FUN" "lapply" "unlist" "unique" "functionArgs" ".completeToken" 
"lazyLoadDBfetch" "print.object_size" "<Anonymous>" 
"data.frame" "inFunction" ".completeToken" 
"FUN" "lapply" ".S3methods" "methods" "doTryCatch" "tryCatchOne" "tryCatchList" "doTryCatch" "tryCatchOne" "tryCatchList" "tryCatch" "functionArgs" ".completeToken" 
"ls" "%in%" "find" "getAnywhere" "<Anonymous>" "do.call" "FUN" "lapply" "unlist" "unique" "functionArgs" ".completeToken" 
"ls" "%in%" "find" "getAnywhere" "<Anonymous>" "do.call" "FUN" "lapply" "unlist" "unique" "functionArgs" ".completeToken" 
"ls" "apropos" "normalCompletions" ".completeToken" 
"tryCatchList" "tryCatch" "f" "%N%" "praise" "testResponse.default" "<Anonymous>" "resume.default" "resume" "<Anonymous>" 
"saveRDS" "withCallingHandlers" "suppressWarnings" "withCallingHandlers" "suppressMessages" "saveProgress.default" "saveProgress" "resume.default" "resume" "<Anonymous>" 
"deparse" "stri_c" "str_c" "findExpr" "uses_func" "resume.default" "resume" "<Anonymous>" 
"FUN" "lapply" ".S3methods" "methods" "doTryCatch" "tryCatchOne" "tryCatchList" "doTryCatch" "tryCatchOne" "tryCatchList" "tryCatch" "functionArgs" ".completeToken" 
"lengths" "lengths" "rbind" "rbind" "rbindSome" ".S3methods" "methods" "doTryCatch" "tryCatchOne" "tryCatchList" "doTryCatch" "tryCatchOne" "tryCatchList" "tryCatch" "functionArgs" ".completeToken" 
"ls" "%in%" "find" "getAnywhere" "<Anonymous>" "do.call" "FUN" "lapply" "unlist" "unique" "functionArgs" ".completeToken" 
"ls" "%in%" "find" "getAnywhere" "<Anonymous>" "do.call" "FUN" "lapply" "unlist" "unique" "functionArgs" ".completeToken" 
"format" "format.factor" "format" "format.data.frame" "as.matrix" "print.data.frame" "<Anonymous>" 
"length" "length" "<Anonymous>" "do.call" "as.data.frame.list" "format.data.frame" "as.matrix" "print.data.frame" "print" "capture.output" "safeEval" "mergeLists" "resume.default" "resume" "<Anonymous>" 
"saveRDS" "withCallingHandlers" "suppressWarnings" "withCallingHandlers" "suppressMessages" "saveProgress.default" "saveProgress" "resume.default" "resume" "<Anonymous>" 
"saveRDS" "withCallingHandlers" "suppressWarnings" "withCallingHandlers" "suppressMessages" "saveProgress.default" "saveProgress" "resume.default" "resume" "<Anonymous>" 
"saveRDS" "withCallingHandlers" "suppressWarnings" "withCallingHandlers" "suppressMessages" "saveProgress.default" "saveProgress" "resume.default" "resume" "<Anonymous>" 
".deparseOpts" "deparse" "stri_c" "str_c" "findExpr" "uses_func" "resume.default" "resume" "<Anonymous>" 
"cat" "post_progress.default" "post_progress" "resume.default" "resume" "<Anonymous>" 
"FUN" "lapply" ".S3methods" "methods" "doTryCatch" "tryCatchOne" "tryCatchList" "doTryCatch" "tryCatchOne" "tryCatchList" "tryCatch" "functionArgs" ".completeToken" 
"ls" "%in%" "find" "getAnywhere" "<Anonymous>" "do.call" "FUN" "lapply" "unlist" "unique" "functionArgs" ".completeToken" 
"ls" "%in%" "find" "getAnywhere" "<Anonymous>" "do.call" "FUN" "lapply" "unlist" "unique" "functionArgs" ".completeToken" 
"ls" "%in%" "find" "getAnywhere" "<Anonymous>" "do.call" "FUN" "lapply" "unlist" "unique" "functionArgs" ".completeToken" 
"ls" "%in%" "find" "getAnywhere" "<Anonymous>" "do.call" "FUN" "lapply" "unlist" "unique" "functionArgs" ".completeToken" 
"ls" "%in%" "find" "getAnywhere" "<Anonymous>" "do.call" "FUN" "lapply" "unlist" "unique" "functionArgs" ".completeToken" 
"ls" "%in%" "find" "getAnywhere" "<Anonymous>" "do.call" "FUN" "lapply" "unlist" "unique" "functionArgs" ".completeToken" 
"FUN" "lapply" ".S3methods" "methods" "doTryCatch" "tryCatchOne" "tryCatchList" "doTryCatch" "tryCatchOne" "tryCatchList" "tryCatch" "functionArgs" ".completeToken" 
"[.factor" "[" "[.data.frame" "[" ".S3methods" "methods" "doTryCatch" "tryCatchOne" "tryCatchList" "doTryCatch" "tryCatchOne" "tryCatchList" "tryCatch" "functionArgs" ".completeToken" 
"ls" "%in%" "find" "getAnywhere" "<Anonymous>" "do.call" "FUN" "lapply" "unlist" "unique" "functionArgs" ".completeToken" 
"ls" "%in%" "find" "getAnywhere" "<Anonymous>" "do.call" "FUN" "lapply" "unlist" "unique" "functionArgs" ".completeToken" 
"length" "length" "<Anonymous>" "do.call" "as.data.frame.list" "format.data.frame" "as.matrix" "print.data.frame" "<Anonymous>" 
"eval" "eval" "doTryCatch" "tryCatchOne" "tryCatchList" "tryCatch" "f" "%N%" "tryAgain" "testResponse.default" "<Anonymous>" "resume.default" "resume" "<Anonymous>" 
"ls" "apropos" "normalCompletions" ".completeToken" 
"ls" "apropos" "normalCompletions" ".completeToken" 
"FUN" "lapply" ".S3methods" "methods" "doTryCatch" "tryCatchOne" "tryCatchList" "doTryCatch" "tryCatchOne" "tryCatchList" "tryCatch" "functionArgs" ".completeToken" 
"ls" "%in%" "find" "getAnywhere" "<Anonymous>" "do.call" "FUN" "lapply" "unlist" "unique" "functionArgs" ".completeToken" 
"ls" "%in%" "find" "getAnywhere" "<Anonymous>" "do.call" "FUN" "lapply" "unlist" "unique" "functionArgs" ".completeToken" 
"ls" "%in%" "find" "getAnywhere" "<Anonymous>" "do.call" "FUN" "lapply" "unlist" "unique" "functionArgs" ".completeToken" 
"deparse" "stri_c" "str_c" "findExpr" "uses_func" "resume.default" "resume" "<Anonymous>" 
"ls" "apropos" "normalCompletions" ".completeToken" 
"FUN" "lapply" ".S3methods" "methods" "doTryCatch" "tryCatchOne" "tryCatchList" "doTryCatch" "tryCatchOne" "tryCatchList" "tryCatch" "functionArgs" ".completeToken" 
"lazyLoadDBfetch" "FUN" "vapply" ".S3methods" "methods" "doTryCatch" "tryCatchOne" "tryCatchList" "doTryCatch" "tryCatchOne" "tryCatchList" "tryCatch" "functionArgs" ".completeToken" 
"ls" "%in%" "find" "getAnywhere" "<Anonymous>" "do.call" "FUN" "lapply" "unlist" "unique" "functionArgs" ".completeToken" 
"ls" "%in%" "find" "getAnywhere" "<Anonymous>" "do.call" "FUN" "lapply" "unlist" "unique" "functionArgs" ".completeToken" 
"ls" "%in%" "find" "getAnywhere" "<Anonymous>" "do.call" "FUN" "lapply" "unlist" "unique" "functionArgs" ".completeToken" 
"ls" "%in%" "find" "getAnywhere" "<Anonymous>" "do.call" "FUN" "lapply" "unlist" "unique" "functionArgs" ".completeToken" 
"ls" "%in%" "find" "getAnywhere" "<Anonymous>" "do.call" "FUN" "lapply" "unlist" "unique" "functionArgs" ".completeToken" 
"ls" "%in%" "find" "getAnywhere" "<Anonymous>" "do.call" "FUN" "lapply" "unlist" "unique" "functionArgs" ".completeToken" 
"ls" "%in%" "find" "getAnywhere" "<Anonymous>" "do.call" "FUN" "lapply" "unlist" "unique" "functionArgs" ".completeToken" 
"ls" "%in%" "find" "getAnywhere" "<Anonymous>" "do.call" "FUN" "lapply" "unlist" "unique" "functionArgs" ".completeToken" 
"ls" "%in%" "find" "getAnywhere" "<Anonymous>" "do.call" "FUN" "lapply" "unlist" "unique" "functionArgs" ".completeToken" 
"ls" "%in%" "find" "getAnywhere" "<Anonymous>" "do.call" "FUN" "lapply" "unlist" "unique" "functionArgs" ".completeToken" 
"c" "summary.factor" "FUN" "lapply" "summary.data.frame" "summary" 
"saveRDS" "withCallingHandlers" "suppressWarnings" "withCallingHandlers" "suppressMessages" "saveProgress.default" "saveProgress" "resume.default" "resume" "<Anonymous>" 
"FUN" "lapply" ".S3methods" "methods" "doTryCatch" "tryCatchOne" "tryCatchList" "doTryCatch" "tryCatchOne" "tryCatchList" "tryCatch" "functionArgs" ".completeToken" 
"ls" "%in%" "find" "getAnywhere" "<Anonymous>" "do.call" "FUN" "lapply" "unlist" "unique" "functionArgs" ".completeToken" 
"functionArgs" ".completeToken" 
"FUN" "lapply" ".S3methods" "methods" "doTryCatch" "tryCatchOne" "tryCatchList" "doTryCatch" "tryCatchOne" "tryCatchList" "tryCatch" "functionArgs" ".completeToken" 
"flatten" "%in%" "<Anonymous>" "resume.default" "resume" "<Anonymous>" 
"saveRDS" "withCallingHandlers" "suppressWarnings" "withCallingHandlers" "suppressMessages" "saveProgress.default" "saveProgress" "resume.default" "resume" "<Anonymous>" 
"cat" "str.default" "str" 
"FUN" "lapply" ".S3methods" "methods" "doTryCatch" "tryCatchOne" "tryCatchList" "doTryCatch" "tryCatchOne" "tryCatchList" "tryCatch" "functionArgs" ".completeToken" 
"ls" "%in%" "find" "getAnywhere" "<Anonymous>" "do.call" "FUN" "lapply" "unlist" "unique" "functionArgs" ".completeToken" 
"ls" "%in%" "find" "getAnywhere" "<Anonymous>" "do.call" "FUN" "lapply" "unlist" "unique" "functionArgs" ".completeToken" 
"ls" "%in%" "find" "getAnywhere" "<Anonymous>" "do.call" "FUN" "lapply" "unlist" "unique" "functionArgs" ".completeToken" 
"ls" "%in%" "find" "getAnywhere" "<Anonymous>" "do.call" "FUN" "lapply" "unlist" "unique" "functionArgs" ".completeToken" 
"FUN" "lapply" ".S3methods" "methods" "doTryCatch" "tryCatchOne" "tryCatchList" "doTryCatch" "tryCatchOne" "tryCatchList" "tryCatch" "functionArgs" ".completeToken" 
"data.frame" "rbindSome" ".S3methods" "methods" "doTryCatch" "tryCatchOne" "tryCatchList" "doTryCatch" "tryCatchOne" "tryCatchList" "tryCatch" "functionArgs" ".completeToken" 
"ls" "%in%" "find" "getAnywhere" "<Anonymous>" "do.call" "FUN" "lapply" "unlist" "unique" "functionArgs" ".completeToken" 
"ls" "%in%" "find" "getAnywhere" "<Anonymous>" "do.call" "FUN" "lapply" "unlist" "unique" "functionArgs" ".completeToken" 
"ls" "%in%" "find" "getAnywhere" "<Anonymous>" "do.call" "FUN" "lapply" "unlist" "unique" "functionArgs" ".completeToken" 
"unlist" "tools::nonS3methods" ".S3methods" "methods" "doTryCatch" "tryCatchOne" "tryCatchList" "doTryCatch" "tryCatchOne" "tryCatchList" "tryCatch" "functionArgs" ".completeToken" 
"sub" ".rmpkg" "data.frame" ".S3methods" "methods" "doTryCatch" "tryCatchOne" "tryCatchList" "doTryCatch" "tryCatchOne" "tryCatchList" "tryCatch" "functionArgs" ".completeToken" 
"ls" "%in%" "find" "getAnywhere" "<Anonymous>" "do.call" "FUN" "lapply" "unlist" "unique" "functionArgs" ".completeToken" 
"ls" "%in%" "find" "getAnywhere" "<Anonymous>" "do.call" "FUN" "lapply" "unlist" "unique" "functionArgs" ".completeToken" 
"ls" "%in%" "find" "getAnywhere" "<Anonymous>" "do.call" "FUN" "lapply" "unlist" "unique" "functionArgs" ".completeToken" 
"any" "order" "make.names" "data.frame" "inFunction" ".completeToken" 
"FUN" "lapply" ".S3methods" "methods" "doTryCatch" "tryCatchOne" "tryCatchList" "doTryCatch" "tryCatchOne" "tryCatchList" "tryCatch" "functionArgs" ".completeToken" 
"ls" "%in%" "find" "getAnywhere" "<Anonymous>" "do.call" "FUN" "lapply" "unlist" "unique" "functionArgs" ".completeToken" 
"ls" "%in%" "find" "getAnywhere" "<Anonymous>" "do.call" "FUN" "lapply" "unlist" "unique" "functionArgs" ".completeToken" 
"c" ".get_S3_primitive_generics" "tools:::.get_internal_S3_generics" "getKnownS3generics" "getS3method" "eval" "eval" "eval.parent" "getAnywhere" "<Anonymous>" "do.call" "FUN" "lapply" "unlist" "unique" "functionArgs" ".completeToken" 
"ls" "apropos" "normalCompletions" ".completeToken" 
"paste0" "str.default" "str" "<Anonymous>" "do.call" "strSub" "str.default" "NextMethod" "str.data.frame" "str" "eval" "eval" "withCallingHandlers" "suppressWarnings" "withCallingHandlers" "suppressMessages" "doTryCatch" "tryCatchOne" "tryCatchList" "tryCatch" "try" "eval" "eval" "withVisible" "evalVis" "capture.output" "safeEval" "mergeLists" "resume.default" "resume" "<Anonymous>" 
"saveRDS" "withCallingHandlers" "suppressWarnings" "withCallingHandlers" "suppressMessages" "saveProgress.default" "saveProgress" "resume.default" "resume" "<Anonymous>" 
"readline" "coursera_on_demand" "eval" "eval" "testMe" "FUN" "lapply" "testResponse.default" "<Anonymous>" "resume.default" "resume" "<Anonymous>" 
"normalizePath" "setNamespaceInfo" "makeNamespace" "loadNamespace" "getNamespace" "asNamespace" "getExportedValue" "::" "handle" "handle_find" "handle_url" "httr::POST" "coursera_on_demand" "eval" "eval" "testMe" "FUN" "lapply" "testResponse.default" "<Anonymous>" "resume.default" "resume" "<Anonymous>" 
"curl::curl_fetch_memory" "request_fetch.write_memory" "request_fetch" "request_perform" "httr::POST" "coursera_on_demand" "eval" "eval" "testMe" "FUN" "lapply" "testResponse.default" "<Anonymous>" "resume.default" "resume" "<Anonymous>" 
"curl::curl_fetch_memory" "request_fetch.write_memory" "request_fetch" "request_perform" "httr::POST" "coursera_on_demand" "eval" "eval" "testMe" "FUN" "lapply" "testResponse.default" "<Anonymous>" "resume.default" "resume" "<Anonymous>" 
"saveRDS" "withCallingHandlers" "suppressWarnings" "withCallingHandlers" "suppressMessages" "saveProgress.default" "saveProgress" "resume.default" "resume" "<Anonymous>" 
"readRDS" "FUN" "lapply" "find.package" "file.path" "swirl_courses_dir" "courseDir.default" "courseDir" "file.path" "loadLesson.default" "loadLesson" "mainMenu.default" "mainMenu" "resume.default" "resume" "<Anonymous>" 
"[<-" "FUN" "lapply" "parse_content.yaml" "parse_content" "loadLesson.default" "loadLesson" "mainMenu.default" "mainMenu" "resume.default" "resume" "<Anonymous>" 
"data.frame" "FUN" "lapply" "parse_content.yaml" "parse_content" "loadLesson.default" "loadLesson" "mainMenu.default" "mainMenu" "resume.default" "resume" "<Anonymous>" 
"as.list.default" "as.list" "vapply" "rm" "mainMenu.default" "mainMenu" "resume.default" "resume" "<Anonymous>" 
"saveRDS" "withCallingHandlers" "suppressWarnings" "withCallingHandlers" "suppressMessages" "saveProgress.default" "saveProgress" "resume.default" "resume" "<Anonymous>" 
"file.exists" "find.package" "index.search" "help" "eval" "eval" "?" 
"gzfile" "readRDS" "index.search" "help" "eval" "eval" "?" 
"put" "putw" "writeBlock" "writeContent" "writeContent" "writeSection" "tools::Rd2txt" "print.help_files_with_topic" "<Anonymous>" 
"structure" "expectation_legacy" "<Anonymous>" "resume.default" "resume" "<Anonymous>" 
"unique" "find.package" "index.search" "help" "eval" "eval" "?" "eval" "eval" "withCallingHandlers" "suppressWarnings" "withCallingHandlers" "suppressMessages" "doTryCatch" "tryCatchOne" "tryCatchList" "tryCatch" "try" "eval" "eval" "withVisible" "evalVis" "capture.output" "safeEval" "mergeLists" "resume.default" "resume" "<Anonymous>" 
"grep" "flushBuffer" "blankLine" "writeContent" "writeSection" "tools::Rd2txt" "print.help_files_with_topic" "print" "capture.output" "safeEval" "mergeLists" "resume.default" "resume" "<Anonymous>" 
"as.character" "structure" "grep" "isTRUE" "isS3" "rmatch_calls" "is_robust_match" "doTryCatch" "tryCatchOne" "tryCatchList" "tryCatch" "try" "omnitest" "eval" "eval" "testMe" "FUN" "lapply" "testResponse.default" "<Anonymous>" "resume.default" "resume" "<Anonymous>" 
"saveRDS" "withCallingHandlers" "suppressWarnings" "withCallingHandlers" "suppressMessages" "saveProgress.default" "saveProgress" "resume.default" "resume" "<Anonymous>" 
"post_progress.default" "post_progress" "resume.default" "resume" "<Anonymous>" 
"saveRDS" "withCallingHandlers" "suppressWarnings" "withCallingHandlers" "suppressMessages" "saveProgress.default" "saveProgress" "resume.default" "resume" "<Anonymous>" 
"$<-" "waitUser.cmd_question" "<Anonymous>" "resume.default" "resume" "<Anonymous>" 
"saveRDS" "withCallingHandlers" "suppressWarnings" "withCallingHandlers" "suppressMessages" "saveProgress.default" "saveProgress" "resume.default" "resume" "<Anonymous>" 
"close" "capture.output" "safeEval" "mergeLists" "resume.default" "resume" "<Anonymous>" 
"saveRDS" "withCallingHandlers" "suppressWarnings" "withCallingHandlers" "suppressMessages" "saveProgress.default" "saveProgress" "resume.default" "resume" "<Anonymous>" 
"ls" "%in%" "find" "getAnywhere" "<Anonymous>" "do.call" "FUN" "lapply" "unlist" "unique" "functionArgs" ".completeToken" 
"as.character" "structure" "grep" "isTRUE" "isS3" "rmatch_calls" "is_robust_match" "doTryCatch" "tryCatchOne" "tryCatchList" "tryCatch" "try" "omnitest" "eval" "eval" "testMe" "FUN" "lapply" "testResponse.default" "<Anonymous>" "resume.default" "resume" "<Anonymous>" 
"saveRDS" "withCallingHandlers" "suppressWarnings" "withCallingHandlers" "suppressMessages" "saveProgress.default" "saveProgress" "resume.default" "resume" "<Anonymous>" 
"[.data.frame" "[" "resume.default" "resume" "<Anonymous>" 
"%in%" "<Anonymous>" "resume.default" "resume" "<Anonymous>" 
"post_result" "testResponse.default" "<Anonymous>" "resume.default" "resume" "<Anonymous>" 
"strrep" "paste0" "cat" "pb$up" "setTxtProgressBar" "post_progress.default" "post_progress" "resume.default" "resume" "<Anonymous>" 
"FUN" "lapply" ".S3methods" "methods" "doTryCatch" "tryCatchOne" "tryCatchList" "doTryCatch" "tryCatchOne" "tryCatchList" "tryCatch" "functionArgs" ".completeToken" 
"ls" "%in%" "find" "getAnywhere" "<Anonymous>" "do.call" "FUN" "lapply" "unlist" "unique" "functionArgs" ".completeToken" 
"capture.output" "safeEval" "mergeLists" "resume.default" "resume" "<Anonymous>" 
"lazyLoadDBfetch" "matchAvailableTopics" "helpCompletions" "specialCompletions" ".completeToken" 
"gsub" "makeRegexpSafe" "sprintf" "grep" "findExactMatches" "findMatches" "matchAvailableTopics" "helpCompletions" "specialCompletions" ".completeToken" 
"readRDS" "lazyLoadDBexec" "tools:::fetchRdDB" ".getHelpFile" "prepare_Rd" "tools::Rd2txt" "print.help_files_with_topic" "<Anonymous>" 
"strsplit" "put" "putw" "writeBlock" "writeContent" "writeSection" "tools::Rd2txt" "print.help_files_with_topic" "<Anonymous>" 
"readRDS" "FUN" "lapply" "find.package" "index.search" "help" "eval" "eval" "?" "eval" "eval" "withCallingHandlers" "suppressWarnings" "withCallingHandlers" "suppressMessages" "doTryCatch" "tryCatchOne" "tryCatchList" "tryCatch" "try" "eval" "eval" "withVisible" "evalVis" "capture.output" "safeEval" "mergeLists" "resume.default" "resume" "<Anonymous>" 
"readRDS" "index.search" "help" "eval" "eval" "?" "eval" "eval" "withCallingHandlers" "suppressWarnings" "withCallingHandlers" "suppressMessages" "doTryCatch" "tryCatchOne" "tryCatchList" "tryCatch" "try" "eval" "eval" "withVisible" "evalVis" "capture.output" "safeEval" "mergeLists" "resume.default" "resume" "<Anonymous>" 
"RdTags" "writeContent" "writeQ" "writeBlock" "writeContent" "writeSection" "tools::Rd2txt" "print.help_files_with_topic" "print" "capture.output" "safeEval" "mergeLists" "resume.default" "resume" "<Anonymous>" 
"saveRDS" "withCallingHandlers" "suppressWarnings" "withCallingHandlers" "suppressMessages" "saveProgress.default" "saveProgress" "resume.default" "resume" "<Anonymous>" 
"lapply" ".makeMessage" "message" "swirl_out" "post_exercise.default" "post_exercise" "present.default" "<Anonymous>" "resume.default" "resume" "<Anonymous>" 
"paste0" "f" "%N%" "praise" "testResponse.default" "<Anonymous>" "resume.default" "resume" "<Anonymous>" 
"%in%" "<Anonymous>" "resume.default" "resume" "<Anonymous>" 
"lapply" "unlist" "FUN" "lapply" "unlist" "flatten" "%in%" "<Anonymous>" "resume.default" "resume" "<Anonymous>" 
"saveRDS" "withCallingHandlers" "suppressWarnings" "withCallingHandlers" "suppressMessages" "saveProgress.default" "saveProgress" "resume.default" "resume" "<Anonymous>" 
"close.connection" "close" "saveRDS" "withCallingHandlers" "suppressWarnings" "withCallingHandlers" "suppressMessages" "saveProgress.default" "saveProgress" "resume.default" "resume" "<Anonymous>" 
"FUN" "lapply" ".S3methods" "methods" "doTryCatch" "tryCatchOne" "tryCatchList" "doTryCatch" "tryCatchOne" "tryCatchList" "tryCatch" "functionArgs" ".completeToken" 
"ls" "%in%" "find" "getAnywhere" "<Anonymous>" "do.call" "FUN" "lapply" "unlist" "unique" "functionArgs" ".completeToken" 
".POSIXct" "Sys.time" "srcfilecopy" "parse" "eval" "doTryCatch" "tryCatchOne" "tryCatchList" "tryCatch" "f" "%N%" "praise" "testResponse.default" "<Anonymous>" "resume.default" "resume" "<Anonymous>" 
"ls" "apropos" "normalCompletions" ".completeToken" 
"tryCatch" "FUN" "lapply" ".S3methods" "methods" "doTryCatch" "tryCatchOne" "tryCatchList" "doTryCatch" "tryCatchOne" "tryCatchList" "tryCatch" "functionArgs" ".completeToken" 
"ls" "%in%" "find" "getAnywhere" "<Anonymous>" "do.call" "FUN" "lapply" "unlist" "unique" "functionArgs" ".completeToken" 
"FUN" "lapply" ".S3methods" "methods" "doTryCatch" "tryCatchOne" "tryCatchList" "doTryCatch" "tryCatchOne" "tryCatchList" "tryCatch" "functionArgs" ".completeToken" 
"ls" "apropos" "normalCompletions" ".completeToken" 
"lapply" "strwrap" "swirl_out" "post_result.default" "post_result" "testResponse.default" "<Anonymous>" "resume.default" "resume" "<Anonymous>" 
"find.package" "index.search" "help" "eval" "eval" "?" 
"getOption" "gzfile" "readRDS" "FUN" "lapply" "find.package" "index.search" "help" "eval" "eval" "?" 
"unescape" "paste0" "put" "putw" "writeBlock" "writeContent" "writeSection" "tools::Rd2txt" "print.help_files_with_topic" "<Anonymous>" 
"%in%" "<Anonymous>" "resume.default" "resume" "<Anonymous>" 
"readRDS" "FUN" "lapply" "find.package" "index.search" "help" "eval" "eval" "?" "eval" "eval" "withCallingHandlers" "suppressWarnings" "withCallingHandlers" "suppressMessages" "doTryCatch" "tryCatchOne" "tryCatchList" "tryCatch" "try" "eval" "eval" "withVisible" "evalVis" "capture.output" "safeEval" "mergeLists" "resume.default" "resume" "<Anonymous>" 
"strsplit" "lapply" "strwrap" "paste" "txt_header" "paste0" "put" "putf" "writeSection" "tools::Rd2txt" "print.help_files_with_topic" "print" "capture.output" "safeEval" "mergeLists" "resume.default" "resume" "<Anonymous>" 
"close.connection" "close" "capture.output" "safeEval" "mergeLists" "resume.default" "resume" "<Anonymous>" 
"saveRDS" "withCallingHandlers" "suppressWarnings" "withCallingHandlers" "suppressMessages" "saveProgress.default" "saveProgress" "resume.default" "resume" "<Anonymous>" 
"ls" "apropos" "normalCompletions" ".completeToken" 
"saveRDS" "withCallingHandlers" "suppressWarnings" "withCallingHandlers" "suppressMessages" "saveProgress.default" "saveProgress" "resume.default" "resume" "<Anonymous>" 
"ls" "apropos" "normalCompletions" ".completeToken" 
"ls" "apropos" "normalCompletions" ".completeToken" 
"saveRDS" "withCallingHandlers" "suppressWarnings" "withCallingHandlers" "suppressMessages" "saveProgress.default" "saveProgress" "resume.default" "resume" "<Anonymous>" 
"grep" "findExactMatches" "findMatches" "matchAvailableTopics" "helpCompletions" "specialCompletions" ".completeToken" 
"readRDS" "FUN" "lapply" "find.package" "index.search" "help" "eval" "eval" "?" 
"readRDS" "index.search" "help" "eval" "eval" "?" 
"strwrap" "flushBuffer" "blankLine" "writeSection" "tools::Rd2txt" "print.help_files_with_topic" "<Anonymous>" 
"[[" "resume.default" "resume" "<Anonymous>" 
"paste0" "f" "%N%" "tryAgain" "testResponse.default" "<Anonymous>" "resume.default" "resume" "<Anonymous>" 
"FUN" "lapply" "sapply" "replicate" "eval" "eval" "withCallingHandlers" "suppressWarnings" "withCallingHandlers" "suppressMessages" "doTryCatch" "tryCatchOne" "tryCatchList" "tryCatch" "try" "eval" "eval" "withVisible" "evalVis" "capture.output" "safeEval" "mergeLists" "resume.default" "resume" "<Anonymous>" 
"ls" "apropos" "normalCompletions" ".completeToken" 
"saveRDS" "withCallingHandlers" "suppressWarnings" "withCallingHandlers" "suppressMessages" "saveProgress.default" "saveProgress" "resume.default" "resume" "<Anonymous>" 
"ls" "apropos" "normalCompletions" ".completeToken" 
"FUN" "lapply" ".S3methods" "methods" "doTryCatch" "tryCatchOne" "tryCatchList" "doTryCatch" "tryCatchOne" "tryCatchList" "tryCatch" "functionArgs" ".completeToken" 
"ls" "%in%" "find" "getAnywhere" "<Anonymous>" "do.call" "FUN" "lapply" "unlist" "unique" "functionArgs" ".completeToken" 
"match.arg" "sink" "capture.output" "safeEval" "mergeLists" "resume.default" "resume" "<Anonymous>" 
"FUN" "lapply" ".S3methods" "methods" "doTryCatch" "tryCatchOne" "tryCatchList" "doTryCatch" "tryCatchOne" "tryCatchList" "tryCatch" "functionArgs" ".completeToken" 
"FUN" "lapply" ".S3methods" "methods" "doTryCatch" "tryCatchOne" "tryCatchList" "doTryCatch" "tryCatchOne" "tryCatchList" "tryCatch" "functionArgs" ".completeToken" 
"ls" "%in%" "find" "getAnywhere" "<Anonymous>" "do.call" "FUN" "lapply" "unlist" "unique" "functionArgs" ".completeToken" 
"ls" "apropos" "normalCompletions" ".completeToken" 
"ls" "%in%" "find" "getAnywhere" "<Anonymous>" "do.call" "FUN" "lapply" "unlist" "unique" "functionArgs" ".completeToken" 
"ls" "apropos" "normalCompletions" ".completeToken" 
".External2" "<Anonymous>" ".External" "dev.hold" "plot.histogram" "plot" "hist.default" "hist" 
".External2" "<Anonymous>" ".External" "dev.hold" "plot.histogram" "plot" "hist.default" "hist" 
"attributes" "structure" "simpleMessage" "message" "swirl_out" "post_result.default" "post_result" "testResponse.default" "<Anonymous>" "resume.default" "resume" "<Anonymous>" 
"$" "resume.default" "resume" "<Anonymous>" 
"readline" "waitUser.default" "<Anonymous>" "resume.default" "resume" "<Anonymous>" 
"keep_last" "structure" "request" "add_headers" "content_type" "body_raw" "body_config" "request_build" "httr::POST" "coursera_on_demand" "eval" "eval" "testMe" "FUN" "lapply" "testResponse.default" "<Anonymous>" "resume.default" "resume" "<Anonymous>" 
"curl::curl_fetch_memory" "request_fetch.write_memory" "request_fetch" "request_perform" "httr::POST" "coursera_on_demand" "eval" "eval" "testMe" "FUN" "lapply" "testResponse.default" "<Anonymous>" "resume.default" "resume" "<Anonymous>" 
"close.connection" "close" "saveRDS" "withCallingHandlers" "suppressWarnings" "withCallingHandlers" "suppressMessages" "saveProgress.default" "saveProgress" "resume.default" "resume" "<Anonymous>" 
"FUN" "lapply" "FUN" "lapply" "wrap_encoding" "parse_content.yaml" "parse_content" "loadLesson.default" "loadLesson" "mainMenu.default" "mainMenu" "resume.default" "resume" "<Anonymous>" 
"%in%" "[<-.data.frame" "[<-" "FUN" "lapply" "parse_content.yaml" "parse_content" "loadLesson.default" "loadLesson" "mainMenu.default" "mainMenu" "resume.default" "resume" "<Anonymous>" 
"[<-" "FUN" "lapply" "parse_content.yaml" "parse_content" "loadLesson.default" "loadLesson" "mainMenu.default" "mainMenu" "resume.default" "resume" "<Anonymous>" 
"saveRDS" "withCallingHandlers" "suppressWarnings" "withCallingHandlers" "suppressMessages" "saveProgress.default" "saveProgress" "resume.default" "resume" "<Anonymous>" 
"sys.call" "%in%" "[.data.frame" "[" "resume.default" "resume" "<Anonymous>" 
"FUN" "lapply" ".S3methods" "methods" "doTryCatch" "tryCatchOne" "tryCatchList" "doTryCatch" "tryCatchOne" "tryCatchList" "tryCatch" "functionArgs" ".completeToken" 
"sub" ".rmpkg" "data.frame" ".S3methods" "methods" "doTryCatch" "tryCatchOne" "tryCatchList" "doTryCatch" "tryCatchOne" "tryCatchList" "tryCatch" "functionArgs" ".completeToken" 
"resume" "<Anonymous>" 
"as.character" "structure" "grep" "isTRUE" "isS3" "rmatch_calls" "is_robust_match" "doTryCatch" "tryCatchOne" "tryCatchList" "tryCatch" "try" "omnitest" "eval" "eval" "testMe" "FUN" "lapply" "testResponse.default" "<Anonymous>" "resume.default" "resume" "<Anonymous>" 
"readline" "waitUser.default" "<Anonymous>" "resume.default" "resume" "<Anonymous>" 
"grep" "flushBuffer" "blankLine" "writeContent" "writeSection" "tools::Rd2txt" "print.help_files_with_topic" "<Anonymous>" 
"flushBuffer" "blankLine" "writeSection" "tools::Rd2txt" "print.help_files_with_topic" "<Anonymous>" 
"<Anonymous>" "lazyLoadDBfetch" "fetch" "fun" "lazyLoadDBexec" "tools:::fetchRdDB" ".getHelpFile" "prepare_Rd" "tools::Rd2txt" "print.help_files_with_topic" "print" "capture.output" "safeEval" "mergeLists" "resume.default" "resume" "<Anonymous>" 
"strsplit" "lapply" "strwrap" "flushBuffer" "blankLine" "writeBlock" "writeContent" "writeSection" "tools::Rd2txt" "print.help_files_with_topic" "print" "capture.output" "safeEval" "mergeLists" "resume.default" "resume" "<Anonymous>" 
"strsplit" "put" "putw" "writeBlock" "writeContent" "writeSection" "tools::Rd2txt" "print.help_files_with_topic" "print" "capture.output" "safeEval" "mergeLists" "resume.default" "resume" "<Anonymous>" 
"grep" "findExactMatches" "findMatches" "matchAvailableTopics" "helpCompletions" "specialCompletions" ".completeToken" 
"gzfile" "readRDS" "FUN" "lapply" "find.package" "index.search" "help" "eval" "eval" "?" 
"strwrap" "paste" "txt_header" "paste0" "put" "putf" "writeSection" "tools::Rd2txt" "print.help_files_with_topic" "<Anonymous>" 
"file.exists" "find.package" "index.search" "help" "eval" "eval" "?" "eval" "eval" "withCallingHandlers" "suppressWarnings" "withCallingHandlers" "suppressMessages" "doTryCatch" "tryCatchOne" "tryCatchList" "tryCatch" "try" "eval" "eval" "withVisible" "evalVis" "capture.output" "safeEval" "mergeLists" "resume.default" "resume" "<Anonymous>" 
"readRDS" "index.search" "help" "eval" "eval" "?" "eval" "eval" "withCallingHandlers" "suppressWarnings" "withCallingHandlers" "suppressMessages" "doTryCatch" "tryCatchOne" "tryCatchList" "tryCatch" "try" "eval" "eval" "withVisible" "evalVis" "capture.output" "safeEval" "mergeLists" "resume.default" "resume" "<Anonymous>" 
"isTRUE" "rmatch_calls" "is_robust_match" "doTryCatch" "tryCatchOne" "tryCatchList" "tryCatch" "try" "omnitest" "FUN" "lapply" "sapply" "any_of_exprs" "eval" "eval" "testMe" "FUN" "lapply" "testResponse.default" "<Anonymous>" "resume.default" "resume" "<Anonymous>" 
"paste0" "f" "%N%" "praise" "testResponse.default" "<Anonymous>" "resume.default" "resume" "<Anonymous>" 
"[.data.frame" "[" "resume.default" "resume" "<Anonymous>" 
"tryCatch" "f" "%N%" "praise" "testResponse.default" "<Anonymous>" "resume.default" "resume" "<Anonymous>" 
"stri_c" "str_c" "strwrap" "swirl_out" "post_exercise.default" "post_exercise" "present.default" "<Anonymous>" "resume.default" "resume" "<Anonymous>" 
"FUN" "lapply" ".S3methods" "methods" "doTryCatch" "tryCatchOne" "tryCatchList" "doTryCatch" "tryCatchOne" "tryCatchList" "tryCatch" "functionArgs" ".completeToken" 
"structure" "getAnywhere" "<Anonymous>" "do.call" "FUN" "lapply" "unlist" "unique" "functionArgs" ".completeToken" 
"ls" "%in%" "find" "getAnywhere" "<Anonymous>" "do.call" "FUN" "lapply" "unlist" "unique" "functionArgs" ".completeToken" 
"ls" "%in%" "find" "getAnywhere" "<Anonymous>" "do.call" "FUN" "lapply" "unlist" "unique" "functionArgs" ".completeToken" 
"ls" "%in%" "find" "getAnywhere" "<Anonymous>" "do.call" "FUN" "lapply" "unlist" "unique" "functionArgs" ".completeToken" 
"ls" "%in%" "find" "getAnywhere" "<Anonymous>" "do.call" "FUN" "lapply" "unlist" "unique" "functionArgs" ".completeToken" 
"ls" "%in%" "find" "getAnywhere" "<Anonymous>" "do.call" "FUN" "lapply" "unlist" "unique" "functionArgs" ".completeToken" 
"ls" "%in%" "find" "getAnywhere" "<Anonymous>" "do.call" "FUN" "lapply" "unlist" "unique" "functionArgs" ".completeToken" 
"ls" "%in%" "find" "getAnywhere" "<Anonymous>" "do.call" "FUN" "lapply" "unlist" "unique" "functionArgs" ".completeToken" 
"ls" "%in%" "find" "getAnywhere" "<Anonymous>" "do.call" "FUN" "lapply" "unlist" "unique" "functionArgs" ".completeToken" 
"ls" "%in%" "find" "getAnywhere" "<Anonymous>" "do.call" "FUN" "lapply" "unlist" "unique" "functionArgs" ".completeToken" 
".External2" "<Anonymous>" ".External" "dev.hold" "plot.default" "plot" "plot2" "plot.data.frame" "plot" 
".External2" "<Anonymous>" ".External" "dev.hold" "plot.default" "plot" "plot2" "plot.data.frame" "plot" 
"plot.xy" "plot.default" "plot" "plot2" "plot.data.frame" "plot" 
"saveRDS" "withCallingHandlers" "suppressWarnings" "withCallingHandlers" "suppressMessages" "saveProgress.default" "saveProgress" "resume.default" "resume" "<Anonymous>" 
"saveRDS" "withCallingHandlers" "suppressWarnings" "withCallingHandlers" "suppressMessages" "saveProgress.default" "saveProgress" "resume.default" "resume" "<Anonymous>" 
"makeRestartList" "withRestarts" "message" "swirl_out" "post_exercise.default" "post_exercise" "present.default" "<Anonymous>" "resume.default" "resume" "<Anonymous>" 
"grepl" "find.package" "index.search" "help" "eval" "eval" "?" 
"close" "readRDS" "index.search" "help" "eval" "eval" "?" 
"isFALSE" "sapply" "RdTags" "writeContent" "writeBlock" "writeContent" "writeContent" "writeBlock" "writeContent" "writeContent" "writeSection" "tools::Rd2txt" "print.help_files_with_topic" "<Anonymous>" 
"close.connection" "close" "readRDS" "index.search" "help" "eval" "eval" "?" "eval" "eval" "withCallingHandlers" "suppressWarnings" "withCallingHandlers" "suppressMessages" "doTryCatch" "tryCatchOne" "tryCatchList" "tryCatch" "try" "eval" "eval" "withVisible" "evalVis" "capture.output" "safeEval" "mergeLists" "resume.default" "resume" "<Anonymous>" 
"as.list" "lapply" "sapply" "RdTags" "writeContent" "writeQ" "writeBlock" "writeContent" "writeContent" "writeBlock" "writeContent" "writeContent" "writeSection" "tools::Rd2txt" "print.help_files_with_topic" "print" "capture.output" "safeEval" "mergeLists" "resume.default" "resume" "<Anonymous>" 
"parse" "eval" "doTryCatch" "tryCatchOne" "tryCatchList" "tryCatch" "f" "%N%" "praise" "testResponse.default" "<Anonymous>" "resume.default" "resume" "<Anonymous>" 
"strwrap" "swirl_out" "post_exercise.default" "post_exercise" "present.default" "<Anonymous>" "resume.default" "resume" "<Anonymous>" 
"ls" "apropos" "normalCompletions" ".completeToken" 
".External2" "<Anonymous>" ".External" "dev.hold" "plot.default" "plot" 
".External2" "<Anonymous>" ".External" "dev.hold" "plot.default" "plot" 
".External2" "<Anonymous>" ".External" "dev.hold" "plot.default" "plot" 
"readline" "waitUser.default" "<Anonymous>" "resume.default" "resume" "<Anonymous>" 
"ls" "apropos" "normalCompletions" ".completeToken" 
"ls" "apropos" "normalCompletions" ".completeToken" 
"ls" "apropos" "normalCompletions" ".completeToken" 
"ls" "apropos" "normalCompletions" ".completeToken" 
"lapply" "sapply" "inFunction" ".completeToken" 
"FUN" "lapply" ".S3methods" "methods" "doTryCatch" "tryCatchOne" "tryCatchList" "doTryCatch" "tryCatchOne" "tryCatchList" "tryCatch" "functionArgs" ".completeToken" 
"ls" "%in%" "find" "getAnywhere" "<Anonymous>" "do.call" "FUN" "lapply" "unlist" "unique" "functionArgs" ".completeToken" 
"ls" "%in%" "find" "getAnywhere" "<Anonymous>" "do.call" "FUN" "lapply" "unlist" "unique" "functionArgs" ".completeToken" 
"ls" "%in%" "find" "getAnywhere" "<Anonymous>" "do.call" "FUN" "lapply" "unlist" "unique" "functionArgs" ".completeToken" 
"ls" "%in%" "find" "getAnywhere" "<Anonymous>" "do.call" "FUN" "lapply" "unlist" "unique" "functionArgs" ".completeToken" 
"ls" "%in%" "find" "getAnywhere" "<Anonymous>" "do.call" "FUN" "lapply" "unlist" "unique" "functionArgs" ".completeToken" 
"ls" "%in%" "find" "getAnywhere" "<Anonymous>" "do.call" "FUN" "lapply" "unlist" "unique" "functionArgs" ".completeToken" 
"ls" "%in%" "find" "getAnywhere" "<Anonymous>" "do.call" "FUN" "lapply" "unlist" "unique" "functionArgs" ".completeToken" 
"ls" "%in%" "find" "getAnywhere" "<Anonymous>" "do.call" "FUN" "lapply" "unlist" "unique" "functionArgs" ".completeToken" 
"ls" "%in%" "find" "getAnywhere" "<Anonymous>" "do.call" "FUN" "lapply" "unlist" "unique" "functionArgs" ".completeToken" 
"FUN" "lapply" ".S3methods" "methods" "doTryCatch" "tryCatchOne" "tryCatchList" "doTryCatch" "tryCatchOne" "tryCatchList" "tryCatch" "functionArgs" ".completeToken" 
"FUN" "lapply" ".S3methods" "methods" "doTryCatch" "tryCatchOne" "tryCatchList" "doTryCatch" "tryCatchOne" "tryCatchList" "tryCatch" "functionArgs" ".completeToken" 
"ls" "%in%" "find" "getAnywhere" "<Anonymous>" "do.call" "FUN" "lapply" "unlist" "unique" "functionArgs" ".completeToken" 
"ls" "%in%" "find" "getAnywhere" "<Anonymous>" "do.call" "FUN" "lapply" "unlist" "unique" "functionArgs" ".completeToken" 
"ls" "%in%" "find" "getAnywhere" "<Anonymous>" "do.call" "FUN" "lapply" "unlist" "unique" "functionArgs" ".completeToken" 
"ls" "%in%" "find" "getAnywhere" "<Anonymous>" "do.call" "FUN" "lapply" "unlist" "unique" "functionArgs" ".completeToken" 
"ls" "%in%" "find" "getAnywhere" "<Anonymous>" "do.call" "FUN" "lapply" "unlist" "unique" "functionArgs" ".completeToken" 
"ls" "%in%" "find" "getAnywhere" "<Anonymous>" "do.call" "FUN" "lapply" "unlist" "unique" "functionArgs" ".completeToken" 
"ls" "%in%" "find" "getAnywhere" "<Anonymous>" "do.call" "FUN" "lapply" "unlist" "unique" "functionArgs" ".completeToken" 
"ls" "%in%" "find" "getAnywhere" "<Anonymous>" "do.call" "FUN" "lapply" "unlist" "unique" "functionArgs" ".completeToken" 
"asNamespace" "getAnywhere" "<Anonymous>" "do.call" "FUN" "lapply" "unlist" "unique" "functionArgs" ".completeToken" 
"ls" "%in%" "find" "getAnywhere" "<Anonymous>" "do.call" "FUN" "lapply" "unlist" "unique" "functionArgs" ".completeToken" 
".External2" "<Anonymous>" ".External" "dev.hold" "plot.default" "plot" "do.call" "plot.formula" "plot" 
".External2" "<Anonymous>" ".External" "dev.hold" "plot.default" "plot" "do.call" "plot.formula" "plot" 
"axis" "Axis.default" "Axis" "localAxis" "plot.default" "plot" "do.call" "plot.formula" "plot" 
"plot" 
".External2" "<Anonymous>" ".External" "dev.hold" "plot.default" "plot" 
"axis" "Axis.default" "Axis" "localAxis" "plot.default" "plot" 
"readline" "waitUser.default" "<Anonymous>" "resume.default" "resume" "<Anonymous>" 
".deparseOpts" "deparse" "paste" "force" "as.data.frame.integer" "as.data.frame" "data.frame" "inFunction" ".completeToken" 
"ls" "apropos" "normalCompletions" ".completeToken" 
"ls" "apropos" "normalCompletions" ".completeToken" 
".External2" "<Anonymous>" ".External" "dev.hold" "plot.default" "plot" 
".External2" "<Anonymous>" ".External" "dev.hold" "plot.default" "plot" 
"plot.xy" "plot.default" "plot" 
"gregexpr" "tail.default" ".completeToken" 
"ls" "apropos" "normalCompletions" ".completeToken" 
"ls" "apropos" "normalCompletions" ".completeToken" 
"FUN" "lapply" ".S3methods" "methods" "doTryCatch" "tryCatchOne" "tryCatchList" "doTryCatch" "tryCatchOne" "tryCatchList" "tryCatch" "functionArgs" ".completeToken" 
"ls" "%in%" "find" "getAnywhere" "<Anonymous>" "do.call" "FUN" "lapply" "unlist" "unique" "functionArgs" ".completeToken" 
"ls" "%in%" "find" "getAnywhere" "<Anonymous>" "do.call" "FUN" "lapply" "unlist" "unique" "functionArgs" ".completeToken" 
"ls" "%in%" "find" "getAnywhere" "<Anonymous>" "do.call" "FUN" "lapply" "unlist" "unique" "functionArgs" ".completeToken" 
"ls" "%in%" "find" "getAnywhere" "<Anonymous>" "do.call" "FUN" "lapply" "unlist" "unique" "functionArgs" ".completeToken" 
"ls" "%in%" "find" "getAnywhere" "<Anonymous>" "do.call" "FUN" "lapply" "unlist" "unique" "functionArgs" ".completeToken" 
"ls" "%in%" "find" "getAnywhere" "<Anonymous>" "do.call" "FUN" "lapply" "unlist" "unique" "functionArgs" ".completeToken" 
"ls" "%in%" "find" "getAnywhere" "<Anonymous>" "do.call" "FUN" "lapply" "unlist" "unique" "functionArgs" ".completeToken" 
"ls" "%in%" "find" "getAnywhere" "<Anonymous>" "do.call" "FUN" "lapply" "unlist" "unique" "functionArgs" ".completeToken" 
"ls" "%in%" "find" "getAnywhere" "<Anonymous>" "do.call" "FUN" "lapply" "unlist" "unique" "functionArgs" ".completeToken" 
"FUN" "lapply" ".S3methods" "methods" "doTryCatch" "tryCatchOne" "tryCatchList" "doTryCatch" "tryCatchOne" "tryCatchList" "tryCatch" "functionArgs" ".completeToken" 
"sub" ".rmpkg" "data.frame" ".S3methods" "methods" "doTryCatch" "tryCatchOne" "tryCatchList" "doTryCatch" "tryCatchOne" "tryCatchList" "tryCatch" "functionArgs" ".completeToken" 
"ls" "%in%" "find" "getAnywhere" "<Anonymous>" "do.call" "FUN" "lapply" "unlist" "unique" "functionArgs" ".completeToken" 
"ls" "%in%" "find" "getAnywhere" "<Anonymous>" "do.call" "FUN" "lapply" "unlist" "unique" "functionArgs" ".completeToken" 
"ls" "%in%" "find" "getAnywhere" "<Anonymous>" "do.call" "FUN" "lapply" "unlist" "unique" "functionArgs" ".completeToken" 
"exists" "getAnywhere" "<Anonymous>" "do.call" "FUN" "lapply" "unlist" "unique" "functionArgs" ".completeToken" 
"ls" "%in%" "find" "getAnywhere" "<Anonymous>" "do.call" "FUN" "lapply" "unlist" "unique" "functionArgs" ".completeToken" 
"ls" "%in%" "find" "getAnywhere" "<Anonymous>" "do.call" "FUN" "lapply" "unlist" "unique" "functionArgs" ".completeToken" 
"ls" "%in%" "find" "getAnywhere" "<Anonymous>" "do.call" "FUN" "lapply" "unlist" "unique" "functionArgs" ".completeToken" 
"ls" "%in%" "find" "getAnywhere" "<Anonymous>" "do.call" "FUN" "lapply" "unlist" "unique" "functionArgs" ".completeToken" 
"ls" "%in%" "find" "getAnywhere" "<Anonymous>" "do.call" "FUN" "lapply" "unlist" "unique" "functionArgs" ".completeToken" 
"ls" "apropos" "normalCompletions" ".completeToken" 
"ls" "%in%" "find" "getAnywhere" "<Anonymous>" "do.call" "FUN" "lapply" "unlist" "unique" "functionArgs" ".completeToken" 
"ls" "%in%" "find" "getAnywhere" "<Anonymous>" "do.call" "FUN" "lapply" "unlist" "unique" "functionArgs" ".completeToken" 
"ls" "%in%" "find" "getAnywhere" "<Anonymous>" "do.call" "FUN" "lapply" "unlist" "unique" "functionArgs" ".completeToken" 
"paste" "getAnywhere" "<Anonymous>" "do.call" "FUN" "lapply" "unlist" "unique" "functionArgs" ".completeToken" 
"ls" "%in%" "find" "getAnywhere" "<Anonymous>" "do.call" "FUN" "lapply" "unlist" "unique" "functionArgs" ".completeToken" 
"ls" "%in%" "find" "getAnywhere" "<Anonymous>" "do.call" "FUN" "lapply" "unlist" "unique" "functionArgs" ".completeToken" 
"ls" "%in%" "find" "getAnywhere" "<Anonymous>" "do.call" "FUN" "lapply" "unlist" "unique" "functionArgs" ".completeToken" 
"ls" "%in%" "find" "getAnywhere" "<Anonymous>" "do.call" "FUN" "lapply" "unlist" "unique" "functionArgs" ".completeToken" 
"ls" "%in%" "find" "getAnywhere" "<Anonymous>" "do.call" "FUN" "lapply" "unlist" "unique" "functionArgs" ".completeToken" 
"ls" "%in%" "find" "getAnywhere" "<Anonymous>" "do.call" "FUN" "lapply" "unlist" "unique" "functionArgs" ".completeToken" 
"ls" "apropos" "normalCompletions" ".completeToken" 
"FUN" "lapply" ".S3methods" "methods" "doTryCatch" "tryCatchOne" "tryCatchList" "doTryCatch" "tryCatchOne" "tryCatchList" "tryCatch" "functionArgs" ".completeToken" 
"ls" "%in%" "find" "getAnywhere" "<Anonymous>" "do.call" "FUN" "lapply" "unlist" "unique" "functionArgs" ".completeToken" 
"character" "getAnywhere" "<Anonymous>" "do.call" "FUN" "lapply" "unlist" "unique" "functionArgs" ".completeToken" 
"find" "getAnywhere" "<Anonymous>" "do.call" "FUN" "lapply" "unlist" "unique" "functionArgs" ".completeToken" 
"ls" "%in%" "find" "getAnywhere" "<Anonymous>" "do.call" "FUN" "lapply" "unlist" "unique" "functionArgs" ".completeToken" 
"ls" "%in%" "find" "getAnywhere" "<Anonymous>" "do.call" "FUN" "lapply" "unlist" "unique" "functionArgs" ".completeToken" 
"ls" "%in%" "find" "getAnywhere" "<Anonymous>" "do.call" "FUN" "lapply" "unlist" "unique" "functionArgs" ".completeToken" 
"ls" "%in%" "find" "getAnywhere" "<Anonymous>" "do.call" "FUN" "lapply" "unlist" "unique" "functionArgs" ".completeToken" 
"ls" "%in%" "find" "getAnywhere" "<Anonymous>" "do.call" "FUN" "lapply" "unlist" "unique" "functionArgs" ".completeToken" 
"ls" "%in%" "find" "getAnywhere" "<Anonymous>" "do.call" "FUN" "lapply" "unlist" "unique" "functionArgs" ".completeToken" 
"ls" "%in%" "find" "getAnywhere" "<Anonymous>" "do.call" "FUN" "lapply" "unlist" "unique" "functionArgs" ".completeToken" 
"ls" "%in%" "find" "getAnywhere" "<Anonymous>" "do.call" "FUN" "lapply" "unlist" "unique" "functionArgs" ".completeToken" 
".External2" "<Anonymous>" ".External" "dev.hold" "plot.default" "plot" 
".External2" "<Anonymous>" ".External" "dev.hold" "plot.default" "plot" 
"plot.xy" "plot.default" "plot" "eval" "eval" "withCallingHandlers" "suppressWarnings" "withCallingHandlers" "suppressMessages" "doTryCatch" "tryCatchOne" "tryCatchList" "tryCatch" "try" "eval" "eval" "withVisible" "evalVis" "capture.output" "safeEval" "mergeLists" "resume.default" "resume" "<Anonymous>" 
"structure" "as.data.frame.integer" "as.data.frame" "data.frame" "inFunction" ".completeToken" 
"ls" "apropos" "normalCompletions" ".completeToken" 
"ls" "apropos" "normalCompletions" ".completeToken" 
"ls" "apropos" "normalCompletions" ".completeToken" 
"ls" "apropos" "normalCompletions" ".completeToken" 
"FUN" "lapply" ".S3methods" "methods" "doTryCatch" "tryCatchOne" "tryCatchList" "doTryCatch" "tryCatchOne" "tryCatchList" "tryCatch" "functionArgs" ".completeToken" 
"ls" "%in%" "find" "getAnywhere" "<Anonymous>" "do.call" "FUN" "lapply" "unlist" "unique" "functionArgs" ".completeToken" 
"ls" "%in%" "find" "getAnywhere" "<Anonymous>" "do.call" "FUN" "lapply" "unlist" "unique" "functionArgs" ".completeToken" 
"ls" "%in%" "find" "getAnywhere" "<Anonymous>" "do.call" "FUN" "lapply" "unlist" "unique" "functionArgs" ".completeToken" 
"ls" "%in%" "find" "getAnywhere" "<Anonymous>" "do.call" "FUN" "lapply" "unlist" "unique" "functionArgs" ".completeToken" 
"ls" "%in%" "find" "getAnywhere" "<Anonymous>" "do.call" "FUN" "lapply" "unlist" "unique" "functionArgs" ".completeToken" 
"ls" "%in%" "find" "getAnywhere" "<Anonymous>" "do.call" "FUN" "lapply" "unlist" "unique" "functionArgs" ".completeToken" 
"ls" "%in%" "find" "getAnywhere" "<Anonymous>" "do.call" "FUN" "lapply" "unlist" "unique" "functionArgs" ".completeToken" 
"ls" "%in%" "find" "getAnywhere" "<Anonymous>" "do.call" "FUN" "lapply" "unlist" "unique" "functionArgs" ".completeToken" 
"ls" "%in%" "find" "getAnywhere" "<Anonymous>" "do.call" "FUN" "lapply" "unlist" "unique" "functionArgs" ".completeToken" 
"gregexpr" "tail.default" ".completeToken" 
"FUN" "lapply" ".S3methods" "methods" "doTryCatch" "tryCatchOne" "tryCatchList" "doTryCatch" "tryCatchOne" "tryCatchList" "tryCatch" "functionArgs" ".completeToken" 
"ls" "%in%" "find" "getAnywhere" "<Anonymous>" "do.call" "FUN" "lapply" "unlist" "unique" "functionArgs" ".completeToken" 
"ls" "%in%" "find" "getAnywhere" "<Anonymous>" "do.call" "FUN" "lapply" "unlist" "unique" "functionArgs" ".completeToken" 
"ls" "%in%" "find" "getAnywhere" "<Anonymous>" "do.call" "FUN" "lapply" "unlist" "unique" "functionArgs" ".completeToken" 
"ls" "%in%" "find" "getAnywhere" "<Anonymous>" "do.call" "FUN" "lapply" "unlist" "unique" "functionArgs" ".completeToken" 
"ls" "%in%" "find" "getAnywhere" "<Anonymous>" "do.call" "FUN" "lapply" "unlist" "unique" "functionArgs" ".completeToken" 
"ls" "%in%" "find" "getAnywhere" "<Anonymous>" "do.call" "FUN" "lapply" "unlist" "unique" "functionArgs" ".completeToken" 
"ls" "%in%" "find" "getAnywhere" "<Anonymous>" "do.call" "FUN" "lapply" "unlist" "unique" "functionArgs" ".completeToken" 
"ls" "%in%" "find" "getAnywhere" "<Anonymous>" "do.call" "FUN" "lapply" "unlist" "unique" "functionArgs" ".completeToken" 
"ls" "%in%" "find" "getAnywhere" "<Anonymous>" "do.call" "FUN" "lapply" "unlist" "unique" "functionArgs" ".completeToken" 
"ls" "%in%" "find" "getAnywhere" "<Anonymous>" "do.call" "FUN" "lapply" "unlist" "unique" "functionArgs" ".completeToken" 
"FUN" "lapply" ".S3methods" "methods" "doTryCatch" "tryCatchOne" "tryCatchList" "doTryCatch" "tryCatchOne" "tryCatchList" "tryCatch" "functionArgs" ".completeToken" 
".S3methods" "methods" "doTryCatch" "tryCatchOne" "tryCatchList" "doTryCatch" "tryCatchOne" "tryCatchList" "tryCatch" "functionArgs" ".completeToken" 
"ls" "%in%" "find" "getAnywhere" "<Anonymous>" "do.call" "FUN" "lapply" "unlist" "unique" "functionArgs" ".completeToken" 
"ls" "%in%" "find" "getAnywhere" "<Anonymous>" "do.call" "FUN" "lapply" "unlist" "unique" "functionArgs" ".completeToken" 
"getAnywhere" "<Anonymous>" "do.call" "FUN" "lapply" "unlist" "unique" "functionArgs" ".completeToken" 
"ls" "%in%" "find" "getAnywhere" "<Anonymous>" "do.call" "FUN" "lapply" "unlist" "unique" "functionArgs" ".completeToken" 
"ls" "%in%" "find" "getAnywhere" "<Anonymous>" "do.call" "FUN" "lapply" "unlist" "unique" "functionArgs" ".completeToken" 
"ls" "%in%" "find" "getAnywhere" "<Anonymous>" "do.call" "FUN" "lapply" "unlist" "unique" "functionArgs" ".completeToken" 
"ls" "%in%" "find" "getAnywhere" "<Anonymous>" "do.call" "FUN" "lapply" "unlist" "unique" "functionArgs" ".completeToken" 
"ls" "%in%" "find" "getAnywhere" "<Anonymous>" "do.call" "FUN" "lapply" "unlist" "unique" "functionArgs" ".completeToken" 
"ls" "%in%" "find" "getAnywhere" "<Anonymous>" "do.call" "FUN" "lapply" "unlist" "unique" "functionArgs" ".completeToken" 
".External2" "<Anonymous>" ".External" "dev.hold" "plot.default" "plot" 
".External2" "<Anonymous>" ".External" "dev.hold" "plot.default" "plot" 
"title" "localTitle" "plot.default" "plot" "eval" "eval" "withCallingHandlers" "suppressWarnings" "withCallingHandlers" "suppressMessages" "doTryCatch" "tryCatchOne" "tryCatchList" "tryCatch" "try" "eval" "eval" "withVisible" "evalVis" "capture.output" "safeEval" "mergeLists" "resume.default" "resume" "<Anonymous>" 
".External2" "<Anonymous>" ".External" "dev.hold" "plot.default" "plot" 
".External2" "<Anonymous>" ".External" "dev.hold" "plot.default" "plot" 
".External" "dev.flush" "plot.default" "plot" "eval" "eval" "withCallingHandlers" "suppressWarnings" "withCallingHandlers" "suppressMessages" "doTryCatch" "tryCatchOne" "tryCatchList" "tryCatch" "try" "eval" "eval" "withVisible" "evalVis" "capture.output" "safeEval" "mergeLists" "resume.default" "resume" "<Anonymous>" 
".External2" "<Anonymous>" ".External" "dev.hold" "plot.default" "plot" 
".External2" "<Anonymous>" ".External" "dev.hold" "plot.default" "plot" 
"eval" "eval" "doTryCatch" "tryCatchOne" "tryCatchList" "tryCatch" "f" "%N%" "praise" "testResponse.default" "<Anonymous>" "resume.default" "resume" "<Anonymous>" 
"min" "resume.default" "resume" "<Anonymous>" 
"FUN" "lapply" ".S3methods" "methods" "doTryCatch" "tryCatchOne" "tryCatchList" "doTryCatch" "tryCatchOne" "tryCatchList" "tryCatch" "functionArgs" ".completeToken" 
"as.data.frame.vector" "as.data.frame.character" "as.data.frame" "data.frame" ".methods_info" ".S4methodsForGeneric" "methods::.S4methods" "methods" "doTryCatch" "tryCatchOne" "tryCatchList" "doTryCatch" "tryCatchOne" "tryCatchList" "tryCatch" "functionArgs" ".completeToken" 
"ls" "%in%" "find" "getAnywhere" "<Anonymous>" "do.call" "FUN" "lapply" "unlist" "unique" "functionArgs" ".completeToken" 
"ls" "%in%" "find" "getAnywhere" "<Anonymous>" "do.call" "FUN" "lapply" "unlist" "unique" "functionArgs" ".completeToken" 
"ls" "%in%" "find" "getAnywhere" "<Anonymous>" "do.call" "FUN" "lapply" "unlist" "unique" "functionArgs" ".completeToken" 
"ls" "%in%" "find" "getAnywhere" "<Anonymous>" "do.call" "FUN" "lapply" "unlist" "unique" "functionArgs" ".completeToken" 
"ls" "%in%" "find" "getAnywhere" "<Anonymous>" "do.call" "FUN" "lapply" "unlist" "unique" "functionArgs" ".completeToken" 
"ls" "%in%" "find" "getAnywhere" "<Anonymous>" "do.call" "FUN" "lapply" "unlist" "unique" "functionArgs" ".completeToken" 
"ls" "%in%" "find" "getAnywhere" "<Anonymous>" "do.call" "FUN" "lapply" "unlist" "unique" "functionArgs" ".completeToken" 
"ls" "%in%" "find" "getAnywhere" "<Anonymous>" "do.call" "FUN" "lapply" "unlist" "unique" "functionArgs" ".completeToken" 
"ls" "%in%" "find" "getAnywhere" "<Anonymous>" "do.call" "FUN" "lapply" "unlist" "unique" "functionArgs" ".completeToken" 
"ls" "%in%" "find" "getAnywhere" "<Anonymous>" "do.call" "FUN" "lapply" "unlist" "unique" "functionArgs" ".completeToken" 
"ls" "%in%" "find" "getAnywhere" "<Anonymous>" "do.call" "FUN" "lapply" "unlist" "unique" "functionArgs" ".completeToken" 
"FUN" "lapply" ".S3methods" "methods" "doTryCatch" "tryCatchOne" "tryCatchList" "doTryCatch" "tryCatchOne" "tryCatchList" "tryCatch" "functionArgs" ".completeToken" 
"ls" "%in%" "find" "getAnywhere" "<Anonymous>" "do.call" "FUN" "lapply" "unlist" "unique" "functionArgs" ".completeToken" 
"ls" "%in%" "find" "getAnywhere" "<Anonymous>" "do.call" "FUN" "lapply" "unlist" "unique" "functionArgs" ".completeToken" 
"ls" "%in%" "find" "getAnywhere" "<Anonymous>" "do.call" "FUN" "lapply" "unlist" "unique" "functionArgs" ".completeToken" 
"ls" "%in%" "find" "getAnywhere" "<Anonymous>" "do.call" "FUN" "lapply" "unlist" "unique" "functionArgs" ".completeToken" 
"ls" "%in%" "find" "getAnywhere" "<Anonymous>" "do.call" "FUN" "lapply" "unlist" "unique" "functionArgs" ".completeToken" 
"ls" "%in%" "find" "getAnywhere" "<Anonymous>" "do.call" "FUN" "lapply" "unlist" "unique" "functionArgs" ".completeToken" 
"ls" "%in%" "find" "getAnywhere" "<Anonymous>" "do.call" "FUN" "lapply" "unlist" "unique" "functionArgs" ".completeToken" 
"ls" "%in%" "find" "getAnywhere" "<Anonymous>" "do.call" "FUN" "lapply" "unlist" "unique" "functionArgs" ".completeToken" 
"ls" "%in%" "find" "getAnywhere" "<Anonymous>" "do.call" "FUN" "lapply" "unlist" "unique" "functionArgs" ".completeToken" 
"ls" "%in%" "find" "getAnywhere" "<Anonymous>" "do.call" "FUN" "lapply" "unlist" "unique" "functionArgs" ".completeToken" 
"ls" "%in%" "find" "getAnywhere" "<Anonymous>" "do.call" "FUN" "lapply" "unlist" "unique" "functionArgs" ".completeToken" 
"paste" "getS3method" "eval" "eval" "eval.parent" "getAnywhere" "<Anonymous>" "do.call" "FUN" "lapply" "unlist" "unique" "functionArgs" ".completeToken" 
"ls" "%in%" "find" "getAnywhere" "<Anonymous>" "do.call" "FUN" "lapply" "unlist" "unique" "functionArgs" ".completeToken" 
"ls" "apropos" "normalCompletions" ".completeToken" 
"FUN" "lapply" ".S3methods" "methods" "doTryCatch" "tryCatchOne" "tryCatchList" "doTryCatch" "tryCatchOne" "tryCatchList" "tryCatch" "functionArgs" ".completeToken" 
"length" "as.data.frame.vector" "as.data.frame.character" "as.data.frame" "data.frame" "rbindSome" ".S3methods" "methods" "doTryCatch" "tryCatchOne" "tryCatchList" "doTryCatch" "tryCatchOne" "tryCatchList" "tryCatch" "functionArgs" ".completeToken" 
"ls" "%in%" "find" "getAnywhere" "<Anonymous>" "do.call" "FUN" "lapply" "unlist" "unique" "functionArgs" ".completeToken" 
"ls" "%in%" "find" "getAnywhere" "<Anonymous>" "do.call" "FUN" "lapply" "unlist" "unique" "functionArgs" ".completeToken" 
"ls" "%in%" "find" "getAnywhere" "<Anonymous>" "do.call" "FUN" "lapply" "unlist" "unique" "functionArgs" ".completeToken" 
"ls" "%in%" "find" "getAnywhere" "<Anonymous>" "do.call" "FUN" "lapply" "unlist" "unique" "functionArgs" ".completeToken" 
"ls" "%in%" "find" "getAnywhere" "<Anonymous>" "do.call" "FUN" "lapply" "unlist" "unique" "functionArgs" ".completeToken" 
"ls" "%in%" "find" "getAnywhere" "<Anonymous>" "do.call" "FUN" "lapply" "unlist" "unique" "functionArgs" ".completeToken" 
"ls" "%in%" "find" "getAnywhere" "<Anonymous>" "do.call" "FUN" "lapply" "unlist" "unique" "functionArgs" ".completeToken" 
"ls" "%in%" "find" "getAnywhere" "<Anonymous>" "do.call" "FUN" "lapply" "unlist" "unique" "functionArgs" ".completeToken" 
"ls" "%in%" "find" "getAnywhere" "<Anonymous>" "do.call" "FUN" "lapply" "unlist" "unique" "functionArgs" ".completeToken" 
"ls" "%in%" "find" "getAnywhere" "<Anonymous>" "do.call" "FUN" "lapply" "unlist" "unique" "functionArgs" ".completeToken" 
".External2" "<Anonymous>" ".External" "dev.hold" "plot.default" "plot" "plot2" "plot.data.frame" "plot" 
".External2" "<Anonymous>" ".External" "dev.hold" "plot.default" "plot" "plot2" "plot.data.frame" "plot" 
"srcfilecopy" "parse" "eval" "doTryCatch" "tryCatchOne" "tryCatchList" "tryCatch" "f" "%N%" "praise" "testResponse.default" "<Anonymous>" "resume.default" "resume" "<Anonymous>" 
"ls" "apropos" "normalCompletions" ".completeToken" 
"ls" "apropos" "normalCompletions" ".completeToken" 
"grep" "findExactMatches" "keywordCompletions" "normalCompletions" ".completeToken" 
"ls" "apropos" "normalCompletions" ".completeToken" 
"grep" "ls" "apropos" "normalCompletions" ".completeToken" 
"ls" "apropos" "normalCompletions" ".completeToken" 
"grep" "ls" "apropos" "normalCompletions" ".completeToken" 
"grep" "ls" "apropos" "normalCompletions" ".completeToken" 
"ls" "apropos" "normalCompletions" ".completeToken" 
"ls" "apropos" "normalCompletions" ".completeToken" 
"ls" "apropos" "normalCompletions" ".completeToken" 
"apropos" "normalCompletions" ".completeToken" 
"ls" "apropos" "normalCompletions" ".completeToken" 
"apropos" "normalCompletions" ".completeToken" 
"ls" "apropos" "normalCompletions" ".completeToken" 
"ls" "apropos" "normalCompletions" ".completeToken" 
"ls" "apropos" "normalCompletions" ".completeToken" 
"ls" "apropos" "normalCompletions" ".completeToken" 
"ls" "apropos" "normalCompletions" ".completeToken" 
"ls" "apropos" "normalCompletions" ".completeToken" 
"ls" "apropos" "normalCompletions" ".completeToken" 
"ls" "apropos" "normalCompletions" ".completeToken" 
".External2" "<Anonymous>" ".External" "dev.hold" "plot.default" "plot" "plot2" "plot.data.frame" "plot" 
".External2" "<Anonymous>" ".External" "dev.hold" "plot.default" "plot" "plot2" "plot.data.frame" "plot" 
"as.graphicsAnnot" "title" "localTitle" "plot.default" "plot" "plot2" "plot.data.frame" "plot" 
".External2" "<Anonymous>" ".External" "dev.hold" "plot.default" "plot" "plot2" "plot.data.frame" "plot" 
"axis" "Axis.default" "Axis" "localAxis" "plot.default" "plot" "plot2" "plot.data.frame" "plot" 
"saveRDS" "withCallingHandlers" "suppressWarnings" "withCallingHandlers" "suppressMessages" "saveProgress.default" "saveProgress" "resume.default" "resume" "<Anonymous>" 
"FUN" "lapply" ".S3methods" "methods" "doTryCatch" "tryCatchOne" "tryCatchList" "doTryCatch" "tryCatchOne" "tryCatchList" "tryCatch" "functionArgs" ".completeToken" 
"ls" "%in%" "find" "getAnywhere" "<Anonymous>" "do.call" "FUN" "lapply" "unlist" "unique" "functionArgs" ".completeToken" 
"ls" "%in%" "find" "getAnywhere" "<Anonymous>" "do.call" "FUN" "lapply" "unlist" "unique" "functionArgs" ".completeToken" 
"ls" "%in%" "find" "getAnywhere" "<Anonymous>" "do.call" "FUN" "lapply" "unlist" "unique" "functionArgs" ".completeToken" 
"ls" "%in%" "find" "getAnywhere" "<Anonymous>" "do.call" "FUN" "lapply" "unlist" "unique" "functionArgs" ".completeToken" 
"ls" "%in%" "find" "getAnywhere" "<Anonymous>" "do.call" "FUN" "lapply" "unlist" "unique" "functionArgs" ".completeToken" 
"ls" "%in%" "find" "getAnywhere" "<Anonymous>" "do.call" "FUN" "lapply" "unlist" "unique" "functionArgs" ".completeToken" 
"ls" "%in%" "find" "getAnywhere" "<Anonymous>" "do.call" "FUN" "lapply" "unlist" "unique" "functionArgs" ".completeToken" 
"ls" "%in%" "find" "getAnywhere" "<Anonymous>" "do.call" "FUN" "lapply" "unlist" "unique" "functionArgs" ".completeToken" 
"ls" "%in%" "find" "getAnywhere" "<Anonymous>" "do.call" "FUN" "lapply" "unlist" "unique" "functionArgs" ".completeToken" 
"ls" "%in%" "find" "getAnywhere" "<Anonymous>" "do.call" "FUN" "lapply" "unlist" "unique" "functionArgs" ".completeToken" 
"FUN" "lapply" ".S3methods" "methods" "doTryCatch" "tryCatchOne" "tryCatchList" "doTryCatch" "tryCatchOne" "tryCatchList" "tryCatch" "functionArgs" ".completeToken" 
"ls" "%in%" "find" "getAnywhere" "<Anonymous>" "do.call" "FUN" "lapply" "unlist" "unique" "functionArgs" ".completeToken" 
"ls" "%in%" "find" "getAnywhere" "<Anonymous>" "do.call" "FUN" "lapply" "unlist" "unique" "functionArgs" ".completeToken" 
"ls" "%in%" "find" "getAnywhere" "<Anonymous>" "do.call" "FUN" "lapply" "unlist" "unique" "functionArgs" ".completeToken" 
"ls" "%in%" "find" "getAnywhere" "<Anonymous>" "do.call" "FUN" "lapply" "unlist" "unique" "functionArgs" ".completeToken" 
"ls" "%in%" "find" "getAnywhere" "<Anonymous>" "do.call" "FUN" "lapply" "unlist" "unique" "functionArgs" ".completeToken" 
"ls" "%in%" "find" "getAnywhere" "<Anonymous>" "do.call" "FUN" "lapply" "unlist" "unique" "functionArgs" ".completeToken" 
"ls" "%in%" "find" "getAnywhere" "<Anonymous>" "do.call" "FUN" "lapply" "unlist" "unique" "functionArgs" ".completeToken" 
"ls" "%in%" "find" "getAnywhere" "<Anonymous>" "do.call" "FUN" "lapply" "unlist" "unique" "functionArgs" ".completeToken" 
"ls" "%in%" "find" "getAnywhere" "<Anonymous>" "do.call" "FUN" "lapply" "unlist" "unique" "functionArgs" ".completeToken" 
"ls" "%in%" "find" "getAnywhere" "<Anonymous>" "do.call" "FUN" "lapply" "unlist" "unique" "functionArgs" ".completeToken" 
"getAnywhere" "<Anonymous>" "do.call" "FUN" "lapply" "unlist" "unique" "functionArgs" ".completeToken" 
"FUN" "lapply" ".S3methods" "methods" "doTryCatch" "tryCatchOne" "tryCatchList" "doTryCatch" "tryCatchOne" "tryCatchList" "tryCatch" "functionArgs" ".completeToken" 
"FUN" "lapply" ".S3methods" "methods" "doTryCatch" "tryCatchOne" "tryCatchList" "doTryCatch" "tryCatchOne" "tryCatchList" "tryCatch" "functionArgs" ".completeToken" 
"ls" "%in%" "find" "getAnywhere" "<Anonymous>" "do.call" "FUN" "lapply" "unlist" "unique" "functionArgs" ".completeToken" 
"ls" "%in%" "find" "getAnywhere" "<Anonymous>" "do.call" "FUN" "lapply" "unlist" "unique" "functionArgs" ".completeToken" 
"ls" "%in%" "find" "getAnywhere" "<Anonymous>" "do.call" "FUN" "lapply" "unlist" "unique" "functionArgs" ".completeToken" 
"ls" "%in%" "find" "getAnywhere" "<Anonymous>" "do.call" "FUN" "lapply" "unlist" "unique" "functionArgs" ".completeToken" 
"ls" "%in%" "find" "getAnywhere" "<Anonymous>" "do.call" "FUN" "lapply" "unlist" "unique" "functionArgs" ".completeToken" 
"ls" "%in%" "find" "getAnywhere" "<Anonymous>" "do.call" "FUN" "lapply" "unlist" "unique" "functionArgs" ".completeToken" 
"ls" "%in%" "find" "getAnywhere" "<Anonymous>" "do.call" "FUN" "lapply" "unlist" "unique" "functionArgs" ".completeToken" 
"ls" "%in%" "find" "getAnywhere" "<Anonymous>" "do.call" "FUN" "lapply" "unlist" "unique" "functionArgs" ".completeToken" 
"ls" "%in%" "find" "getAnywhere" "<Anonymous>" "do.call" "FUN" "lapply" "unlist" "unique" "functionArgs" ".completeToken" 
"ls" "apropos" "normalCompletions" ".completeToken" 
"FUN" "lapply" ".S3methods" "methods" "doTryCatch" "tryCatchOne" "tryCatchList" "doTryCatch" "tryCatchOne" "tryCatchList" "tryCatch" "functionArgs" ".completeToken" 
"ls" "%in%" "find" "getAnywhere" "<Anonymous>" "do.call" "FUN" "lapply" "unlist" "unique" "functionArgs" ".completeToken" 
"ls" "%in%" "find" "getAnywhere" "<Anonymous>" "do.call" "FUN" "lapply" "unlist" "unique" "functionArgs" ".completeToken" 
"ls" "%in%" "find" "getAnywhere" "<Anonymous>" "do.call" "FUN" "lapply" "unlist" "unique" "functionArgs" ".completeToken" 
"ls" "%in%" "find" "getAnywhere" "<Anonymous>" "do.call" "FUN" "lapply" "unlist" "unique" "functionArgs" ".completeToken" 
"ls" "%in%" "find" "getAnywhere" "<Anonymous>" "do.call" "FUN" "lapply" "unlist" "unique" "functionArgs" ".completeToken" 
"ls" "%in%" "find" "getAnywhere" "<Anonymous>" "do.call" "FUN" "lapply" "unlist" "unique" "functionArgs" ".completeToken" 
"ls" "%in%" "find" "getAnywhere" "<Anonymous>" "do.call" "FUN" "lapply" "unlist" "unique" "functionArgs" ".completeToken" 
"ls" "%in%" "find" "getAnywhere" "<Anonymous>" "do.call" "FUN" "lapply" "unlist" "unique" "functionArgs" ".completeToken" 
"ls" "%in%" "find" "getAnywhere" "<Anonymous>" "do.call" "FUN" "lapply" "unlist" "unique" "functionArgs" ".completeToken" 
"ls" "apropos" "normalCompletions" ".completeToken" 
".External2" "<Anonymous>" ".External" "dev.hold" "plot.default" "plot" "plot2" "plot.data.frame" "plot" 
".External2" "<Anonymous>" ".External" "dev.hold" "plot.default" "plot" "plot2" "plot.data.frame" "plot" 
".External2" "<Anonymous>" ".External" "dev.hold" "plot.default" "plot" "plot2" "plot.data.frame" "plot" 
"FUN" "lapply" ".S3methods" "methods" "doTryCatch" "tryCatchOne" "tryCatchList" "doTryCatch" "tryCatchOne" "tryCatchList" "tryCatch" "functionArgs" ".completeToken" 
"ls" "%in%" "find" "getAnywhere" "<Anonymous>" "do.call" "FUN" "lapply" "unlist" "unique" "functionArgs" ".completeToken" 
"ls" "%in%" "find" "getAnywhere" "<Anonymous>" "do.call" "FUN" "lapply" "unlist" "unique" "functionArgs" ".completeToken" 
"ls" "%in%" "find" "getAnywhere" "<Anonymous>" "do.call" "FUN" "lapply" "unlist" "unique" "functionArgs" ".completeToken" 
"ls" "%in%" "find" "getAnywhere" "<Anonymous>" "do.call" "FUN" "lapply" "unlist" "unique" "functionArgs" ".completeToken" 
"ls" "%in%" "find" "getAnywhere" "<Anonymous>" "do.call" "FUN" "lapply" "unlist" "unique" "functionArgs" ".completeToken" 
"ls" "%in%" "find" "getAnywhere" "<Anonymous>" "do.call" "FUN" "lapply" "unlist" "unique" "functionArgs" ".completeToken" 
"getKnownS3generics" "getS3method" "eval" "eval" "eval.parent" "getAnywhere" "<Anonymous>" "do.call" "FUN" "lapply" "unlist" "unique" "functionArgs" ".completeToken" 
"ls" "%in%" "find" "getAnywhere" "<Anonymous>" "do.call" "FUN" "lapply" "unlist" "unique" "functionArgs" ".completeToken" 
"ls" "%in%" "find" "getAnywhere" "<Anonymous>" "do.call" "FUN" "lapply" "unlist" "unique" "functionArgs" ".completeToken" 
"ls" "%in%" "find" "getAnywhere" "<Anonymous>" "do.call" "FUN" "lapply" "unlist" "unique" "functionArgs" ".completeToken" 
".External2" "<Anonymous>" ".External" "dev.hold" "plot.default" "plot" "plot2" "plot.data.frame" "plot" 
".External2" "<Anonymous>" ".External" "dev.hold" "plot.default" "plot" "plot2" "plot.data.frame" "plot" 
"axis" "Axis.default" "Axis" "localAxis" "plot.default" "plot" "plot2" "plot.data.frame" "plot" "eval" "eval" "withCallingHandlers" "suppressWarnings" "withCallingHandlers" "suppressMessages" "doTryCatch" "tryCatchOne" "tryCatchList" "tryCatch" "try" "eval" "eval" "withVisible" "evalVis" "capture.output" "safeEval" "mergeLists" "resume.default" "resume" "<Anonymous>" 
"strsplit" "lapply" "strwrap" "swirl_out" "post_exercise.default" "post_exercise" "present.default" "<Anonymous>" "resume.default" "resume" "<Anonymous>" 
"FUN" "lapply" ".S3methods" "methods" "doTryCatch" "tryCatchOne" "tryCatchList" "doTryCatch" "tryCatchOne" "tryCatchList" "tryCatch" "functionArgs" ".completeToken" 
"ls" "%in%" "find" "getAnywhere" "<Anonymous>" "do.call" "FUN" "lapply" "unlist" "unique" "functionArgs" ".completeToken" 
"ls" "%in%" "find" "getAnywhere" "<Anonymous>" "do.call" "FUN" "lapply" "unlist" "unique" "functionArgs" ".completeToken" 
"ls" "%in%" "find" "getAnywhere" "<Anonymous>" "do.call" "FUN" "lapply" "unlist" "unique" "functionArgs" ".completeToken" 
"ls" "%in%" "find" "getAnywhere" "<Anonymous>" "do.call" "FUN" "lapply" "unlist" "unique" "functionArgs" ".completeToken" 
"ls" "%in%" "find" "getAnywhere" "<Anonymous>" "do.call" "FUN" "lapply" "unlist" "unique" "functionArgs" ".completeToken" 
"ls" "%in%" "find" "getAnywhere" "<Anonymous>" "do.call" "FUN" "lapply" "unlist" "unique" "functionArgs" ".completeToken" 
"ls" "%in%" "find" "getAnywhere" "<Anonymous>" "do.call" "FUN" "lapply" "unlist" "unique" "functionArgs" ".completeToken" 
"ls" "%in%" "find" "getAnywhere" "<Anonymous>" "do.call" "FUN" "lapply" "unlist" "unique" "functionArgs" ".completeToken" 
"ls" "%in%" "find" "getAnywhere" "<Anonymous>" "do.call" "FUN" "lapply" "unlist" "unique" "functionArgs" ".completeToken" 
"ls" "%in%" "find" "getAnywhere" "<Anonymous>" "do.call" "FUN" "lapply" "unlist" "unique" "functionArgs" ".completeToken" 
"FUN" "lapply" ".S3methods" "methods" "doTryCatch" "tryCatchOne" "tryCatchList" "doTryCatch" "tryCatchOne" "tryCatchList" "tryCatch" "functionArgs" ".completeToken" 
"ls" "%in%" "find" "getAnywhere" "<Anonymous>" "do.call" "FUN" "lapply" "unlist" "unique" "functionArgs" ".completeToken" 
"ls" "%in%" "find" "getAnywhere" "<Anonymous>" "do.call" "FUN" "lapply" "unlist" "unique" "functionArgs" ".completeToken" 
"ls" "%in%" "find" "getAnywhere" "<Anonymous>" "do.call" "FUN" "lapply" "unlist" "unique" "functionArgs" ".completeToken" 
"ls" "%in%" "find" "getAnywhere" "<Anonymous>" "do.call" "FUN" "lapply" "unlist" "unique" "functionArgs" ".completeToken" 
"ls" "%in%" "find" "getAnywhere" "<Anonymous>" "do.call" "FUN" "lapply" "unlist" "unique" "functionArgs" ".completeToken" 
"ls" "%in%" "find" "getAnywhere" "<Anonymous>" "do.call" "FUN" "lapply" "unlist" "unique" "functionArgs" ".completeToken" 
"ls" "%in%" "find" "getAnywhere" "<Anonymous>" "do.call" "FUN" "lapply" "unlist" "unique" "functionArgs" ".completeToken" 
"%in%" "find" "getAnywhere" "<Anonymous>" "do.call" "FUN" "lapply" "unlist" "unique" "functionArgs" ".completeToken" 
"ls" "%in%" "find" "getAnywhere" "<Anonymous>" "do.call" "FUN" "lapply" "unlist" "unique" "functionArgs" ".completeToken" 
"ls" "apropos" "normalCompletions" ".completeToken" 
"FUN" "lapply" ".S3methods" "methods" "doTryCatch" "tryCatchOne" "tryCatchList" "doTryCatch" "tryCatchOne" "tryCatchList" "tryCatch" "functionArgs" ".completeToken" 
"ls" "%in%" "find" "getAnywhere" "<Anonymous>" "do.call" "FUN" "lapply" "unlist" "unique" "functionArgs" ".completeToken" 
"ls" "%in%" "find" "getAnywhere" "<Anonymous>" "do.call" "FUN" "lapply" "unlist" "unique" "functionArgs" ".completeToken" 
"ls" "%in%" "find" "getAnywhere" "<Anonymous>" "do.call" "FUN" "lapply" "unlist" "unique" "functionArgs" ".completeToken" 
"ls" "%in%" "find" "getAnywhere" "<Anonymous>" "do.call" "FUN" "lapply" "unlist" "unique" "functionArgs" ".completeToken" 
"ls" "%in%" "find" "getAnywhere" "<Anonymous>" "do.call" "FUN" "lapply" "unlist" "unique" "functionArgs" ".completeToken" 
"doTryCatch" "tryCatchOne" "tryCatchList" "tryCatch" "getAnywhere" "<Anonymous>" "do.call" "FUN" "lapply" "unlist" "unique" "functionArgs" ".completeToken" 
"ls" "%in%" "find" "getAnywhere" "<Anonymous>" "do.call" "FUN" "lapply" "unlist" "unique" "functionArgs" ".completeToken" 
"get" ":::" "getKnownS3generics" "getS3method" "eval" "eval" "eval.parent" "getAnywhere" "<Anonymous>" "do.call" "FUN" "lapply" "unlist" "unique" "functionArgs" ".completeToken" 
"ls" "%in%" "find" "getAnywhere" "<Anonymous>" "do.call" "FUN" "lapply" "unlist" "unique" "functionArgs" ".completeToken" 
"ls" "%in%" "find" "getAnywhere" "<Anonymous>" "do.call" "FUN" "lapply" "unlist" "unique" "functionArgs" ".completeToken" 
".External2" "<Anonymous>" ".External" "dev.hold" "plot.default" "plot" "plot2" "plot.data.frame" "plot" 
".External2" "<Anonymous>" ".External" "dev.hold" "plot.default" "plot" "plot2" "plot.data.frame" "plot" 
".External2" "<Anonymous>" ".External" "dev.hold" "plot.default" "plot" "plot2" "plot.data.frame" "plot" 
".External2" "<Anonymous>" ".External" "dev.hold" "plot.default" "plot" "plot2" "plot.data.frame" "plot" 
".External2" "<Anonymous>" ".External" "dev.hold" "plot.default" "plot" "plot2" "plot.data.frame" "plot" 
"resume.default" "resume" "<Anonymous>" 
"saveRDS" "withCallingHandlers" "suppressWarnings" "withCallingHandlers" "suppressMessages" "saveProgress.default" "saveProgress" "resume.default" "resume" "<Anonymous>" 
"anyDuplicated.default" "anyDuplicated" "[.data.frame" "[" "resume.default" "resume" "<Anonymous>" 
"ls" "apropos" "normalCompletions" ".completeToken" 
"as.data.frame.list" "format.data.frame" "as.matrix" "print.data.frame" "<Anonymous>" 
"$" "rmatch_calls" "is_robust_match" "doTryCatch" "tryCatchOne" "tryCatchList" "tryCatch" "try" "omnitest" "eval" "eval" "testMe" "FUN" "lapply" "testResponse.default" "<Anonymous>" "resume.default" "resume" "<Anonymous>" 
"readRDS" "lazyLoadDBexec" "lazyLoad" "data" 
"as.character" "structure" "grep" "isTRUE" "isS3" "rmatch_calls" "is_robust_match" "doTryCatch" "tryCatchOne" "tryCatchList" "tryCatch" "try" "omnitest" "eval" "eval" "testMe" "FUN" "lapply" "testResponse.default" "<Anonymous>" "resume.default" "resume" "<Anonymous>" 
"saveRDS" "withCallingHandlers" "suppressWarnings" "withCallingHandlers" "suppressMessages" "saveProgress.default" "saveProgress" "resume.default" "resume" "<Anonymous>" 
"readRDS" "index.search" "help" "eval" "eval" "?" 
"strwrap" "flushBuffer" "blankLine" "writeContent" "writeSection" "tools::Rd2txt" "print.help_files_with_topic" "<Anonymous>" 
"paste" "paste0" "strwrap" "flushBuffer" "blankLine" "writeContent" "writeSection" "tools::Rd2txt" "print.help_files_with_topic" "<Anonymous>" 
"readRDS" "index.search" "help" "eval" "eval" "?" "eval" "eval" "withCallingHandlers" "suppressWarnings" "withCallingHandlers" "suppressMessages" "doTryCatch" "tryCatchOne" "tryCatchList" "tryCatch" "try" "eval" "eval" "withVisible" "evalVis" "capture.output" "safeEval" "mergeLists" "resume.default" "resume" "<Anonymous>" 
"frmt" "paste0" "put" "putw" "writeContent" "writeSection" "tools::Rd2txt" "print.help_files_with_topic" "print" "capture.output" "safeEval" "mergeLists" "resume.default" "resume" "<Anonymous>" 
"writeBlock" "writeContent" "writeContent" "writeSection" "tools::Rd2txt" "print.help_files_with_topic" "print" "capture.output" "safeEval" "mergeLists" "resume.default" "resume" "<Anonymous>" 
"as.character" "structure" "grep" "isTRUE" "isS3" "rmatch_calls" "is_robust_match" "doTryCatch" "tryCatchOne" "tryCatchList" "tryCatch" "try" "omnitest" "FUN" "lapply" "sapply" "any_of_exprs" "eval" "eval" "testMe" "FUN" "lapply" "testResponse.default" "<Anonymous>" "resume.default" "resume" "<Anonymous>" 
"saveRDS" "withCallingHandlers" "suppressWarnings" "withCallingHandlers" "suppressMessages" "saveProgress.default" "saveProgress" "resume.default" "resume" "<Anonymous>" 
"saveRDS" "withCallingHandlers" "suppressWarnings" "withCallingHandlers" "suppressMessages" "saveProgress.default" "saveProgress" "resume.default" "resume" "<Anonymous>" 
"ls" "apropos" "normalCompletions" ".completeToken" 
"ls" "apropos" "normalCompletions" ".completeToken" 
"sum" "isInsideQuotes" ".completeToken" 
"FUN" "lapply" ".S3methods" "methods" "doTryCatch" "tryCatchOne" "tryCatchList" "doTryCatch" "tryCatchOne" "tryCatchList" "tryCatch" "functionArgs" ".completeToken" 
"ls" "%in%" "find" "getAnywhere" "<Anonymous>" "do.call" "FUN" "lapply" "unlist" "unique" "functionArgs" ".completeToken" 
"ls" "apropos" "normalCompletions" ".completeToken" 
"FUN" "lapply" ".S3methods" "methods" "doTryCatch" "tryCatchOne" "tryCatchList" "doTryCatch" "tryCatchOne" "tryCatchList" "tryCatch" "functionArgs" ".completeToken" 
"data.frame" ".S3methods" "methods" "doTryCatch" "tryCatchOne" "tryCatchList" "doTryCatch" "tryCatchOne" "tryCatchList" "tryCatch" "functionArgs" ".completeToken" 
"ls" "%in%" "find" "getAnywhere" "<Anonymous>" "do.call" "FUN" "lapply" "unlist" "unique" "functionArgs" ".completeToken" 
"::" ".S3methods" "methods" "doTryCatch" "tryCatchOne" "tryCatchList" "doTryCatch" "tryCatchOne" "tryCatchList" "tryCatch" "functionArgs" ".completeToken" 
"FUN" "lapply" ".S3methods" "methods" "doTryCatch" "tryCatchOne" "tryCatchList" "doTryCatch" "tryCatchOne" "tryCatchList" "tryCatch" "functionArgs" ".completeToken" 
"ls" "%in%" "find" "getAnywhere" "<Anonymous>" "do.call" "FUN" "lapply" "unlist" "unique" "functionArgs" ".completeToken" 
"ls" "apropos" "normalCompletions" ".completeToken" 
"FUN" "lapply" ".S3methods" "methods" "doTryCatch" "tryCatchOne" "tryCatchList" "doTryCatch" "tryCatchOne" "tryCatchList" "tryCatch" "functionArgs" ".completeToken" 
"ls" "%in%" "find" "getAnywhere" "<Anonymous>" "do.call" "FUN" "lapply" "unlist" "unique" "functionArgs" ".completeToken" 
"ls" "%in%" "find" "getAnywhere" "<Anonymous>" "do.call" "FUN" "lapply" "unlist" "unique" "functionArgs" ".completeToken" 
"ls" "apropos" "normalCompletions" ".completeToken" 
".External2" "<Anonymous>" ".External2" "par" "do.call" "boxplot.default" "boxplot" "boxplot.formula" "boxplot" 
".External2" "<Anonymous>" ".External2" "par" "do.call" "boxplot.default" "boxplot" "boxplot.formula" "boxplot" 
".External" "dev.hold" "bxp" "do.call" "boxplot.default" "boxplot" "boxplot.formula" "boxplot" 
"$<-" "resume.default" "resume" "<Anonymous>" 
"FUN" "lapply" ".S3methods" "methods" "doTryCatch" "tryCatchOne" "tryCatchList" "doTryCatch" "tryCatchOne" "tryCatchList" "tryCatch" "functionArgs" ".completeToken" 
"FUN" "lapply" ".S3methods" "methods" "doTryCatch" "tryCatchOne" "tryCatchList" "doTryCatch" "tryCatchOne" "tryCatchList" "tryCatch" "functionArgs" ".completeToken" 
"ls" "%in%" "find" "getAnywhere" "<Anonymous>" "do.call" "FUN" "lapply" "unlist" "unique" "functionArgs" ".completeToken" 
"ls" "apropos" "normalCompletions" ".completeToken" 
"%in%" "find" "getAnywhere" "<Anonymous>" "do.call" "FUN" "lapply" "unlist" "unique" "functionArgs" ".completeToken" 
"ls" "apropos" "normalCompletions" ".completeToken" 
".External2" "<Anonymous>" ".External" "dev.hold" "plot.histogram" "plot" "hist.default" "hist" 
".External2" "<Anonymous>" ".External" "dev.hold" "plot.histogram" "plot" "hist.default" "hist" 
"rmatch_calls" "is_robust_match" "doTryCatch" "tryCatchOne" "tryCatchList" "tryCatch" "try" "omnitest" "FUN" "lapply" "sapply" "any_of_exprs" "eval" "eval" "testMe" "FUN" "lapply" "testResponse.default" "<Anonymous>" "resume.default" "resume" "<Anonymous>" 
"saveRDS" "withCallingHandlers" "suppressWarnings" "withCallingHandlers" "suppressMessages" "saveProgress.default" "saveProgress" "resume.default" "resume" "<Anonymous>" 
"curl::curl_fetch_memory" "request_fetch.write_memory" "request_fetch" "request_perform" "httr::POST" "coursera_on_demand" "eval" "eval" "testMe" "FUN" "lapply" "testResponse.default" "<Anonymous>" "resume.default" "resume" "<Anonymous>" 
"curl::curl_fetch_memory" "request_fetch.write_memory" "request_fetch" "request_perform" "httr::POST" "coursera_on_demand" "eval" "eval" "testMe" "FUN" "lapply" "testResponse.default" "<Anonymous>" "resume.default" "resume" "<Anonymous>" 
"parse" "eval" "doTryCatch" "tryCatchOne" "tryCatchList" "tryCatch" "f" "%N%" "praise" "testResponse.default" "<Anonymous>" "resume.default" "resume" "<Anonymous>" 
"menu" "select.list" "courseMenu.default" "courseMenu" "mainMenu.default" "mainMenu" "resume.default" "resume" "<Anonymous>" 
